#
# There is insufficient memory for the Java Runtime Environment to continue.
# Native memory allocation (malloc) failed to allocate 1698256 bytes for Chunk::new
# Possible reasons:
#   The system is out of physical RAM or swap space
#   The process is running with CompressedOops enabled, and the Java Heap may be blocking the growth of the native heap
# Possible solutions:
#   Reduce memory load on the system
#   Increase physical memory or swap space
#   Check if swap backing store is full
#   Decrease Java heap size (-Xmx/-Xms)
#   Decrease number of Java threads
#   Decrease Java thread stack sizes (-Xss)
#   Set larger code cache with -XX:ReservedCodeCacheSize=
#   JVM is running with Unscaled Compressed Oops mode in which the Java heap is
#     placed in the first 4GB address space. The Java Heap base address is the
#     maximum limit for the native heap growth. Please use -XX:HeapBaseMinAddress
#     to set the Java Heap base and to place the Java Heap above 4GB virtual address.
# This output file may be truncated or incomplete.
#
#  Out of Memory Error (./src/hotspot/share/memory/arena.cpp:197), pid=6520, tid=3020
#
# JRE version: OpenJDK Runtime Environment (11.0.11+9) (build 11.0.11+9-b60-7590822)
# Java VM: OpenJDK 64-Bit Server VM (11.0.11+9-b60-7590822, mixed mode, tiered, compressed oops, g1 gc, windows-amd64)
# No core dump will be written. Minidumps are not enabled by default on client versions of Windows
#

---------------  S U M M A R Y ------------

Command Line: --add-opens=java.base/java.util=ALL-UNNAMED --add-opens=java.base/java.lang=ALL-UNNAMED --add-opens=java.base/java.lang.invoke=ALL-UNNAMED --add-opens=java.base/java.util=ALL-UNNAMED --add-opens=java.prefs/java.util.prefs=ALL-UNNAMED --add-opens=java.prefs/java.util.prefs=ALL-UNNAMED --add-opens=java.base/java.nio.charset=ALL-UNNAMED --add-opens=java.base/java.net=ALL-UNNAMED --add-opens=java.base/java.util.concurrent.atomic=ALL-UNNAMED -Xmx2048m -Dfile.encoding=UTF-8 -Duser.country=US -Duser.language=en -Duser.variant org.gradle.launcher.daemon.bootstrap.GradleDaemon 7.2

Host: Intel(R) Core(TM) i7-7700HQ CPU @ 2.80GHz, 8 cores, 15G,  Windows 10 , 64 bit Build 18362 (10.0.18362.1500)
Time: Fri Feb 25 00:33:02 2022 Malay Peninsula Standard Time elapsed time: 8340.112830 seconds (0d 2h 19m 0s)

---------------  T H R E A D  ---------------

Current thread (0x0000016feb135000):  JavaThread "C2 CompilerThread2" daemon [_thread_in_native, id=3020, stack(0x000000040b800000,0x000000040b900000)]


Current CompileTask:
C2:8340112 37463       4       com.android.tools.r8.internal.gI0::q (464 bytes)

Stack: [0x000000040b800000,0x000000040b900000]
Native frames: (J=compiled Java code, j=interpreted, Vv=VM code, C=native code)
V  [jvm.dll+0x5f214a]
V  [jvm.dll+0x726fb5]
V  [jvm.dll+0x7285cd]
V  [jvm.dll+0x728c83]
V  [jvm.dll+0x243278]
V  [jvm.dll+0xbc53c]
V  [jvm.dll+0xbca3c]
V  [jvm.dll+0x353e3b]
V  [jvm.dll+0x321893]
V  [jvm.dll+0x320d8a]
V  [jvm.dll+0x1fc1e2]
V  [jvm.dll+0x1fb3d4]
V  [jvm.dll+0x183d6c]
V  [jvm.dll+0x209a57]
V  [jvm.dll+0x2082a1]
V  [jvm.dll+0x6ef58f]
V  [jvm.dll+0x6e80b5]
V  [jvm.dll+0x5f1036]
C  [ucrtbase.dll+0x210b2]
C  [KERNEL32.DLL+0x17c24]
C  [ntdll.dll+0x6d721]


---------------  P R O C E S S  ---------------

Threads class SMR info:
_java_thread_list=0x0000016feaa37fe0, length=48, elements={
0x0000016fccd3c000, 0x0000016fe9a57800, 0x0000016fe9a60800, 0x0000016fe9ab4800,
0x0000016fe9ab6800, 0x0000016fe9ab9000, 0x0000016fe9abd000, 0x0000016fe9ac1000,
0x0000016fe9ac2000, 0x0000016fe9c25800, 0x0000016fec237800, 0x0000016feac5f000,
0x0000016feb03d800, 0x0000016feb968800, 0x0000016feb96a000, 0x0000016feb969000,
0x0000016feb96c800, 0x0000016feb96b800, 0x0000016fef68a800, 0x0000016fef688800,
0x0000016fef689800, 0x0000016fef686800, 0x0000016fef690000, 0x0000016feb140800,
0x0000016feb141800, 0x0000016feb142800, 0x0000016feb143000, 0x0000016fef912800,
0x0000016fef90c800, 0x0000016ff0846800, 0x0000016ff0847800, 0x0000016ff0849800,
0x0000016ff0848000, 0x0000016ff084b800, 0x0000016ffa4a8800, 0x0000016ffa4a9800,
0x0000016ffa4aa800, 0x0000016feb137800, 0x0000016feb13a000, 0x0000016feb134800,
0x0000016feb13c800, 0x0000016feb96e000, 0x0000016feb135000, 0x0000016feb13b800,
0x0000016ff084d000, 0x0000016fefce9000, 0x0000016fefcea800, 0x0000016fefced800
}

Java Threads: ( => current thread )
  0x0000016fccd3c000 JavaThread "main" [_thread_blocked, id=6636, stack(0x0000000400a00000,0x0000000400b00000)]
  0x0000016fe9a57800 JavaThread "Reference Handler" daemon [_thread_blocked, id=4764, stack(0x0000000401100000,0x0000000401200000)]
  0x0000016fe9a60800 JavaThread "Finalizer" daemon [_thread_blocked, id=24400, stack(0x0000000401200000,0x0000000401300000)]
  0x0000016fe9ab4800 JavaThread "Signal Dispatcher" daemon [_thread_blocked, id=3840, stack(0x0000000401300000,0x0000000401400000)]
  0x0000016fe9ab6800 JavaThread "Attach Listener" daemon [_thread_blocked, id=4216, stack(0x0000000401400000,0x0000000401500000)]
  0x0000016fe9ab9000 JavaThread "Service Thread" daemon [_thread_blocked, id=22252, stack(0x0000000401500000,0x0000000401600000)]
  0x0000016fe9abd000 JavaThread "C2 CompilerThread0" daemon [_thread_in_native, id=24436, stack(0x0000000401600000,0x0000000401700000)]
  0x0000016fe9ac1000 JavaThread "C1 CompilerThread0" daemon [_thread_blocked, id=20268, stack(0x0000000401700000,0x0000000401800000)]
  0x0000016fe9ac2000 JavaThread "Sweeper thread" daemon [_thread_blocked, id=23480, stack(0x0000000401800000,0x0000000401900000)]
  0x0000016fe9c25800 JavaThread "Common-Cleaner" daemon [_thread_blocked, id=6328, stack(0x0000000401900000,0x0000000401a00000)]
  0x0000016fec237800 JavaThread "Daemon health stats" [_thread_blocked, id=23740, stack(0x0000000402100000,0x0000000402200000)]
  0x0000016feac5f000 JavaThread "Incoming local TCP Connector on port 65281" [_thread_in_native, id=21400, stack(0x0000000401b00000,0x0000000401c00000)]
  0x0000016feb03d800 JavaThread "Daemon periodic checks" [_thread_blocked, id=19400, stack(0x0000000402200000,0x0000000402300000)]
  0x0000016feb968800 JavaThread "Cache worker for journal cache (C:\Users\Admin\.gradle\caches\journal-1)" [_thread_blocked, id=20600, stack(0x0000000402a00000,0x0000000402b00000)]
  0x0000016feb96a000 JavaThread "File lock request listener" [_thread_in_native, id=2536, stack(0x0000000402b00000,0x0000000402c00000)]
  0x0000016feb969000 JavaThread "Cache worker for file hash cache (C:\Users\Admin\.gradle\caches\7.2\fileHashes)" [_thread_blocked, id=11572, stack(0x0000000402c00000,0x0000000402d00000)]
  0x0000016feb96c800 JavaThread "File watcher server" daemon [_thread_in_native, id=18740, stack(0x0000000403200000,0x0000000403300000)]
  0x0000016feb96b800 JavaThread "File watcher consumer" daemon [_thread_blocked, id=3832, stack(0x0000000403300000,0x0000000403400000)]
  0x0000016fef68a800 JavaThread "Cache worker for execution history cache (C:\Users\Admin\.gradle\caches\7.2\executionHistory)" [_thread_blocked, id=21252, stack(0x0000000403800000,0x0000000403900000)]
  0x0000016fef688800 JavaThread "jar transforms" [_thread_blocked, id=5700, stack(0x0000000403900000,0x0000000403a00000)]
  0x0000016fef689800 JavaThread "Cache worker for file content cache (C:\Users\Admin\.gradle\caches\7.2\fileContent)" [_thread_blocked, id=4472, stack(0x0000000403a00000,0x0000000403b00000)]
  0x0000016fef686800 JavaThread "jar transforms Thread 2" [_thread_blocked, id=14744, stack(0x0000000403b00000,0x0000000403c00000)]
  0x0000016fef690000 JavaThread "jar transforms Thread 3" [_thread_blocked, id=18132, stack(0x0000000403d00000,0x0000000403e00000)]
  0x0000016feb140800 JavaThread "jar transforms Thread 4" [_thread_blocked, id=19896, stack(0x0000000408e00000,0x0000000408f00000)]
  0x0000016feb141800 JavaThread "jar transforms Thread 5" [_thread_blocked, id=16532, stack(0x0000000408f00000,0x0000000409000000)]
  0x0000016feb142800 JavaThread "jar transforms Thread 6" [_thread_blocked, id=13996, stack(0x0000000409000000,0x0000000409100000)]
  0x0000016feb143000 JavaThread "jar transforms Thread 7" [_thread_blocked, id=14080, stack(0x0000000409100000,0x0000000409200000)]
  0x0000016fef912800 JavaThread "jar transforms Thread 8" [_thread_blocked, id=6476, stack(0x0000000409200000,0x0000000409300000)]
  0x0000016fef90c800 JavaThread "Memory manager" [_thread_blocked, id=6672, stack(0x0000000409400000,0x0000000409500000)]
  0x0000016ff0846800 JavaThread "RMI Scheduler(0)" daemon [_thread_blocked, id=14648, stack(0x0000000409d00000,0x0000000409e00000)]
  0x0000016ff0847800 JavaThread "RMI GC Daemon" daemon [_thread_blocked, id=13000, stack(0x0000000409f00000,0x000000040a000000)]
  0x0000016ff0849800 JavaThread "RMI TCP Accept-0" daemon [_thread_in_native, id=16788, stack(0x000000040a000000,0x000000040a100000)]
  0x0000016ff0848000 JavaThread "RMI Reaper" [_thread_blocked, id=19136, stack(0x000000040a100000,0x000000040a200000)]
  0x0000016ff084b800 JavaThread "Cache worker for Java compile cache (C:\Users\Admin\.gradle\caches\7.2\javaCompile)" [_thread_blocked, id=22348, stack(0x0000000403c00000,0x0000000403d00000)]
  0x0000016ffa4a8800 JavaThread "ForkJoinPool.commonPool-worker-5" daemon [_thread_blocked, id=19592, stack(0x000000040c000000,0x000000040c100000)]
  0x0000016ffa4a9800 JavaThread "Daemon Thread 15" [_thread_blocked, id=10732, stack(0x0000000400700000,0x0000000400800000)]
  0x0000016ffa4aa800 JavaThread "Daemon worker Thread 15" [_thread_blocked, id=23792, stack(0x0000000402300000,0x0000000402400000)]
  0x0000016feb137800 JavaThread "RMI TCP Connection(139)-127.0.0.1" daemon [_thread_in_native, id=7908, stack(0x0000000409e00000,0x0000000409f00000)]
  0x0000016feb13a000 JavaThread "RMI TCP Connection(136)-127.0.0.1" daemon [_thread_in_native, id=21572, stack(0x000000040a200000,0x000000040a300000)]
  0x0000016feb134800 JavaThread "RMI TCP Connection(137)-127.0.0.1" daemon [_thread_in_native, id=7152, stack(0x000000040a300000,0x000000040a400000)]
  0x0000016feb13c800 JavaThread "RMI TCP Connection(138)-127.0.0.1" daemon [_thread_in_native, id=19088, stack(0x000000040a700000,0x000000040a800000)]
  0x0000016feb96e000 JavaThread "C2 CompilerThread1" daemon [_thread_in_native, id=12492, stack(0x000000040b700000,0x000000040b800000)]
=>0x0000016feb135000 JavaThread "C2 CompilerThread2" daemon [_thread_in_native, id=3020, stack(0x000000040b800000,0x000000040b900000)]
  0x0000016feb13b800 JavaThread "ForkJoinPool.commonPool-worker-13" daemon [_thread_blocked, id=23676, stack(0x000000040b900000,0x000000040ba00000)]
  0x0000016ff084d000 JavaThread "ForkJoinPool.commonPool-worker-15" daemon [_thread_blocked, id=16888, stack(0x000000040ba00000,0x000000040bb00000)]
  0x0000016fefce9000 JavaThread "ForkJoinPool.commonPool-worker-1" daemon [_thread_blocked, id=23704, stack(0x000000040bb00000,0x000000040bc00000)]
  0x0000016fefcea800 JavaThread "ForkJoinPool.commonPool-worker-3" daemon [_thread_blocked, id=2256, stack(0x000000040bc00000,0x000000040bd00000)]
  0x0000016fefced800 JavaThread "ForkJoinPool.commonPool-worker-7" daemon [_thread_blocked, id=23160, stack(0x000000040bd00000,0x000000040be00000)]

Other Threads:
  0x0000016fe920e800 VMThread "VM Thread" [stack: 0x0000000401000000,0x0000000401100000] [id=15928]
  0x0000016fe9c4b800 WatcherThread [stack: 0x0000000401a00000,0x0000000401b00000] [id=21392]
  0x0000016fced77800 GCTaskThread "GC Thread#0" [stack: 0x0000000400b00000,0x0000000400c00000] [id=16168]
  0x0000016feab27000 GCTaskThread "GC Thread#1" [stack: 0x0000000401c00000,0x0000000401d00000] [id=19912]
  0x0000016fea2b8000 GCTaskThread "GC Thread#2" [stack: 0x0000000401d00000,0x0000000401e00000] [id=12948]
  0x0000016fea2b9000 GCTaskThread "GC Thread#3" [stack: 0x0000000401e00000,0x0000000401f00000] [id=1636]
  0x0000016fe9def000 GCTaskThread "GC Thread#4" [stack: 0x0000000401f00000,0x0000000402000000] [id=23828]
  0x0000016fe9def800 GCTaskThread "GC Thread#5" [stack: 0x0000000402000000,0x0000000402100000] [id=7584]
  0x0000016fea121800 GCTaskThread "GC Thread#6" [stack: 0x0000000402d00000,0x0000000402e00000] [id=4660]
  0x0000016fea122000 GCTaskThread "GC Thread#7" [stack: 0x0000000402e00000,0x0000000402f00000] [id=23220]
  0x0000016fcedac800 ConcurrentGCThread "G1 Main Marker" [stack: 0x0000000400c00000,0x0000000400d00000] [id=17380]
  0x0000016fcedae000 ConcurrentGCThread "G1 Conc#0" [stack: 0x0000000400d00000,0x0000000400e00000] [id=23096]
  0x0000016fea16d800 ConcurrentGCThread "G1 Conc#1" [stack: 0x0000000402f00000,0x0000000403000000] [id=19628]
  0x0000016fe909e800 ConcurrentGCThread "G1 Refine#0" [stack: 0x0000000400e00000,0x0000000400f00000] [id=17304]
  0x0000016fec236800 ConcurrentGCThread "G1 Refine#1" [stack: 0x0000000403100000,0x0000000403200000] [id=5412]
  0x0000016fec231000 ConcurrentGCThread "G1 Refine#2" [stack: 0x0000000403400000,0x0000000403500000] [id=24544]
  0x0000016ff1b44000 ConcurrentGCThread "G1 Refine#3" [stack: 0x000000040a400000,0x000000040a500000] [id=23100]
  0x0000016ff1b42800 ConcurrentGCThread "G1 Refine#4" [stack: 0x000000040a500000,0x000000040a600000] [id=22796]
  0x0000016fe909f000 ConcurrentGCThread "G1 Young RemSet Sampling" [stack: 0x0000000400f00000,0x0000000401000000] [id=6816]

Threads with active compile tasks:
C2 CompilerThread08340193 37467 %     4       com.android.tools.r8.internal.oe1::a @ 55 (430 bytes)
C2 CompilerThread18340193 37452       4       com.android.tools.r8.internal.PE0::<init> (252 bytes)
C2 CompilerThread28340193 37463       4       com.android.tools.r8.internal.gI0::q (464 bytes)

VM state:not at safepoint (normal execution)

VM Mutex/Monitor currently owned by a thread: None

Heap address: 0x0000000080000000, size: 2048 MB, Compressed Oops mode: 32-bit
Narrow klass base: 0x0000000000000000, Narrow klass shift: 3
Compressed class space size: 1073741824 Address: 0x0000000100000000

Heap:
 garbage-first heap   total 262144K, used 179298K [0x0000000080000000, 0x0000000100000000)
  region size 1024K, 44 young (45056K), 8 survivors (8192K)
 Metaspace       used 142308K, capacity 147759K, committed 153548K, reserved 1181696K
  class space    used 17308K, capacity 19268K, committed 21196K, reserved 1048576K
Heap Regions: E=young(eden), S=young(survivor), O=old, HS=humongous(starts), HC=humongous(continues), CS=collection set, F=free, A=archive, TAMS=top-at-mark-start (previous, next)
|   0|0x0000000080000000, 0x0000000080100000, 0x0000000080100000|100%| O|  |TAMS 0x0000000080100000, 0x0000000080000000| Untracked 
|   1|0x0000000080100000, 0x0000000080200000, 0x0000000080200000|100%| O|  |TAMS 0x0000000080200000, 0x0000000080100000| Untracked 
|   2|0x0000000080200000, 0x0000000080300000, 0x0000000080300000|100%| O|  |TAMS 0x0000000080300000, 0x0000000080200000| Untracked 
|   3|0x0000000080300000, 0x0000000080400000, 0x0000000080400000|100%|HS|  |TAMS 0x0000000080400000, 0x0000000080300000| Complete 
|   4|0x0000000080400000, 0x0000000080500000, 0x0000000080500000|100%|HC|  |TAMS 0x0000000080500000, 0x0000000080400000| Complete 
|   5|0x0000000080500000, 0x0000000080600000, 0x0000000080600000|100%|HC|  |TAMS 0x0000000080600000, 0x0000000080500000| Complete 
|   6|0x0000000080600000, 0x0000000080700000, 0x0000000080700000|100%| O|  |TAMS 0x0000000080700000, 0x0000000080600000| Untracked 
|   7|0x0000000080700000, 0x0000000080800000, 0x0000000080800000|100%| O|  |TAMS 0x0000000080800000, 0x0000000080700000| Untracked 
|   8|0x0000000080800000, 0x0000000080900000, 0x0000000080900000|100%| O|  |TAMS 0x0000000080900000, 0x0000000080800000| Complete 
|   9|0x0000000080900000, 0x0000000080a00000, 0x0000000080a00000|100%| O|  |TAMS 0x0000000080a00000, 0x0000000080900000| Untracked 
|  10|0x0000000080a00000, 0x0000000080b00000, 0x0000000080b00000|100%| O|  |TAMS 0x0000000080b00000, 0x0000000080a00000| Untracked 
|  11|0x0000000080b00000, 0x0000000080c00000, 0x0000000080c00000|100%| O|  |TAMS 0x0000000080c00000, 0x0000000080b00000| Untracked 
|  12|0x0000000080c00000, 0x0000000080d00000, 0x0000000080d00000|100%| O|  |TAMS 0x0000000080d00000, 0x0000000080c00000| Complete 
|  13|0x0000000080d00000, 0x0000000080e00000, 0x0000000080e00000|100%| O|  |TAMS 0x0000000080e00000, 0x0000000080d00000| Untracked 
|  14|0x0000000080e00000, 0x0000000080f00000, 0x0000000080f00000|100%| O|  |TAMS 0x0000000080f00000, 0x0000000080e00000| Untracked 
|  15|0x0000000080f00000, 0x0000000081000000, 0x0000000081000000|100%| O|  |TAMS 0x0000000081000000, 0x0000000080f00000| Complete 
|  16|0x0000000081000000, 0x0000000081100000, 0x0000000081100000|100%| O|  |TAMS 0x0000000081100000, 0x0000000081000000| Complete 
|  17|0x0000000081100000, 0x0000000081200000, 0x0000000081200000|100%|HS|  |TAMS 0x0000000081200000, 0x0000000081100000| Complete 
|  18|0x0000000081200000, 0x0000000081300000, 0x0000000081300000|100%|HS|  |TAMS 0x0000000081300000, 0x0000000081200000| Complete 
|  19|0x0000000081300000, 0x0000000081400000, 0x0000000081400000|100%|HS|  |TAMS 0x0000000081400000, 0x0000000081300000| Complete 
|  20|0x0000000081400000, 0x0000000081500000, 0x0000000081500000|100%|HS|  |TAMS 0x0000000081500000, 0x0000000081400000| Complete 
|  21|0x0000000081500000, 0x0000000081600000, 0x0000000081600000|100%|HS|  |TAMS 0x0000000081600000, 0x0000000081500000| Complete 
|  22|0x0000000081600000, 0x0000000081700000, 0x0000000081700000|100%|HC|  |TAMS 0x0000000081700000, 0x0000000081600000| Complete 
|  23|0x0000000081700000, 0x0000000081800000, 0x0000000081800000|100%|HC|  |TAMS 0x0000000081800000, 0x0000000081700000| Complete 
|  24|0x0000000081800000, 0x0000000081900000, 0x0000000081900000|100%|HS|  |TAMS 0x0000000081900000, 0x0000000081800000| Complete 
|  25|0x0000000081900000, 0x0000000081a00000, 0x0000000081a00000|100%|HC|  |TAMS 0x0000000081a00000, 0x0000000081900000| Complete 
|  26|0x0000000081a00000, 0x0000000081b00000, 0x0000000081b00000|100%| O|  |TAMS 0x0000000081b00000, 0x0000000081a00000| Complete 
|  27|0x0000000081b00000, 0x0000000081c00000, 0x0000000081c00000|100%| O|  |TAMS 0x0000000081c00000, 0x0000000081b00000| Complete 
|  28|0x0000000081c00000, 0x0000000081d00000, 0x0000000081d00000|100%| O|  |TAMS 0x0000000081d00000, 0x0000000081c00000| Complete 
|  29|0x0000000081d00000, 0x0000000081e00000, 0x0000000081e00000|100%| O|  |TAMS 0x0000000081e00000, 0x0000000081d00000| Untracked 
|  30|0x0000000081e00000, 0x0000000081f00000, 0x0000000081f00000|100%| O|  |TAMS 0x0000000081f00000, 0x0000000081e00000| Complete 
|  31|0x0000000081f00000, 0x0000000082000000, 0x0000000082000000|100%| O|  |TAMS 0x0000000082000000, 0x0000000081f00000| Complete 
|  32|0x0000000082000000, 0x0000000082100000, 0x0000000082100000|100%| O|  |TAMS 0x0000000082100000, 0x0000000082000000| Untracked 
|  33|0x0000000082100000, 0x0000000082200000, 0x0000000082200000|100%| O|  |TAMS 0x0000000082200000, 0x0000000082100000| Untracked 
|  34|0x0000000082200000, 0x0000000082300000, 0x0000000082300000|100%| O|  |TAMS 0x0000000082300000, 0x0000000082200000| Untracked 
|  35|0x0000000082300000, 0x0000000082400000, 0x0000000082400000|100%| O|  |TAMS 0x0000000082400000, 0x0000000082300000| Untracked 
|  36|0x0000000082400000, 0x0000000082500000, 0x0000000082500000|100%| O|  |TAMS 0x0000000082500000, 0x0000000082400000| Untracked 
|  37|0x0000000082500000, 0x0000000082600000, 0x0000000082600000|100%| O|  |TAMS 0x0000000082600000, 0x0000000082500000| Untracked 
|  38|0x0000000082600000, 0x0000000082700000, 0x0000000082700000|100%| O|  |TAMS 0x0000000082700000, 0x0000000082600000| Complete 
|  39|0x0000000082700000, 0x0000000082800000, 0x0000000082800000|100%| O|  |TAMS 0x0000000082800000, 0x0000000082700000| Complete 
|  40|0x0000000082800000, 0x0000000082900000, 0x0000000082900000|100%| O|  |TAMS 0x0000000082900000, 0x0000000082800000| Untracked 
|  41|0x0000000082900000, 0x0000000082a00000, 0x0000000082a00000|100%| O|  |TAMS 0x0000000082a00000, 0x0000000082900000| Complete 
|  42|0x0000000082a00000, 0x0000000082b00000, 0x0000000082b00000|100%| O|  |TAMS 0x0000000082b00000, 0x0000000082a00000| Complete 
|  43|0x0000000082b00000, 0x0000000082c00000, 0x0000000082c00000|100%| O|  |TAMS 0x0000000082c00000, 0x0000000082b00000| Complete 
|  44|0x0000000082c00000, 0x0000000082d00000, 0x0000000082d00000|100%| O|  |TAMS 0x0000000082d00000, 0x0000000082c00000| Complete 
|  45|0x0000000082d00000, 0x0000000082e00000, 0x0000000082e00000|100%| O|  |TAMS 0x0000000082e00000, 0x0000000082d00000| Complete 
|  46|0x0000000082e00000, 0x0000000082f00000, 0x0000000082f00000|100%| O|  |TAMS 0x0000000082f00000, 0x0000000082e00000| Complete 
|  47|0x0000000082f00000, 0x0000000083000000, 0x0000000083000000|100%| O|  |TAMS 0x0000000083000000, 0x0000000082f00000| Complete 
|  48|0x0000000083000000, 0x0000000083100000, 0x0000000083100000|100%| O|  |TAMS 0x0000000083100000, 0x0000000083000000| Complete 
|  49|0x0000000083100000, 0x0000000083200000, 0x0000000083200000|100%| O|  |TAMS 0x0000000083200000, 0x0000000083100000| Complete 
|  50|0x0000000083200000, 0x0000000083300000, 0x0000000083300000|100%| O|  |TAMS 0x0000000083300000, 0x0000000083200000| Complete 
|  51|0x0000000083300000, 0x0000000083400000, 0x0000000083400000|100%| O|  |TAMS 0x0000000083400000, 0x0000000083300000| Complete 
|  52|0x0000000083400000, 0x0000000083400000, 0x0000000083500000|  0%| F|  |TAMS 0x0000000083400000, 0x0000000083400000| Untracked 
|  53|0x0000000083500000, 0x0000000083600000, 0x0000000083600000|100%| O|  |TAMS 0x0000000083600000, 0x0000000083500000| Complete 
|  54|0x0000000083600000, 0x0000000083700000, 0x0000000083700000|100%| O|  |TAMS 0x0000000083700000, 0x0000000083600000| Complete 
|  55|0x0000000083700000, 0x0000000083800000, 0x0000000083800000|100%| O|  |TAMS 0x0000000083800000, 0x0000000083700000| Complete 
|  56|0x0000000083800000, 0x0000000083900000, 0x0000000083900000|100%| O|  |TAMS 0x0000000083900000, 0x0000000083800000| Complete 
|  57|0x0000000083900000, 0x0000000083a00000, 0x0000000083a00000|100%| O|  |TAMS 0x0000000083a00000, 0x0000000083900000| Complete 
|  58|0x0000000083a00000, 0x0000000083b00000, 0x0000000083b00000|100%| O|  |TAMS 0x0000000083b00000, 0x0000000083a00000| Complete 
|  59|0x0000000083b00000, 0x0000000083c00000, 0x0000000083c00000|100%| O|  |TAMS 0x0000000083c00000, 0x0000000083b00000| Complete 
|  60|0x0000000083c00000, 0x0000000083d00000, 0x0000000083d00000|100%| O|  |TAMS 0x0000000083d00000, 0x0000000083c00000| Complete 
|  61|0x0000000083d00000, 0x0000000083e00000, 0x0000000083e00000|100%|HS|  |TAMS 0x0000000083d00000, 0x0000000083d00000| Complete 
|  62|0x0000000083e00000, 0x0000000083f00000, 0x0000000083f00000|100%|HC|  |TAMS 0x0000000083e00000, 0x0000000083e00000| Complete 
|  63|0x0000000083f00000, 0x0000000083f00000, 0x0000000084000000|  0%| F|  |TAMS 0x0000000083f00000, 0x0000000083f00000| Untracked 
|  64|0x0000000084000000, 0x0000000084100000, 0x0000000084100000|100%| O|  |TAMS 0x0000000084100000, 0x0000000084000000| Complete 
|  65|0x0000000084100000, 0x0000000084200000, 0x0000000084200000|100%| O|  |TAMS 0x0000000084200000, 0x0000000084100000| Complete 
|  66|0x0000000084200000, 0x0000000084300000, 0x0000000084300000|100%|HS|  |TAMS 0x0000000084200000, 0x0000000084200000| Complete 
|  67|0x0000000084300000, 0x0000000084400000, 0x0000000084400000|100%|HC|  |TAMS 0x0000000084300000, 0x0000000084300000| Complete 
|  68|0x0000000084400000, 0x0000000084400000, 0x0000000084500000|  0%| F|  |TAMS 0x0000000084400000, 0x0000000084400000| Untracked 
|  69|0x0000000084500000, 0x0000000084600000, 0x0000000084600000|100%| O|  |TAMS 0x0000000084600000, 0x0000000084500000| Untracked 
|  70|0x0000000084600000, 0x0000000084700000, 0x0000000084700000|100%| O|  |TAMS 0x0000000084700000, 0x0000000084600000| Complete 
|  71|0x0000000084700000, 0x0000000084800000, 0x0000000084800000|100%| O|  |TAMS 0x0000000084800000, 0x0000000084700000| Complete 
|  72|0x0000000084800000, 0x0000000084900000, 0x0000000084900000|100%| O|  |TAMS 0x0000000084900000, 0x0000000084800000| Complete 
|  73|0x0000000084900000, 0x0000000084a00000, 0x0000000084a00000|100%| O|  |TAMS 0x0000000084a00000, 0x0000000084900000| Untracked 
|  74|0x0000000084a00000, 0x0000000084a00000, 0x0000000084b00000|  0%| F|  |TAMS 0x0000000084a00000, 0x0000000084a00000| Untracked 
|  75|0x0000000084b00000, 0x0000000084c00000, 0x0000000084c00000|100%| O|  |TAMS 0x0000000084c00000, 0x0000000084b00000| Complete 
|  76|0x0000000084c00000, 0x0000000084d00000, 0x0000000084d00000|100%| O|  |TAMS 0x0000000084d00000, 0x0000000084c00000| Untracked 
|  77|0x0000000084d00000, 0x0000000084e00000, 0x0000000084e00000|100%| O|  |TAMS 0x0000000084e00000, 0x0000000084d00000| Untracked 
|  78|0x0000000084e00000, 0x0000000084f00000, 0x0000000084f00000|100%| O|  |TAMS 0x0000000084f00000, 0x0000000084e00000| Untracked 
|  79|0x0000000084f00000, 0x0000000085000000, 0x0000000085000000|100%| O|  |TAMS 0x0000000085000000, 0x0000000084f00000| Untracked 
|  80|0x0000000085000000, 0x0000000085100000, 0x0000000085100000|100%| O|  |TAMS 0x0000000085100000, 0x0000000085000000| Complete 
|  81|0x0000000085100000, 0x0000000085200000, 0x0000000085200000|100%| O|  |TAMS 0x0000000085200000, 0x0000000085100000| Untracked 
|  82|0x0000000085200000, 0x0000000085300000, 0x0000000085300000|100%| O|  |TAMS 0x0000000085300000, 0x0000000085200000| Untracked 
|  83|0x0000000085300000, 0x0000000085400000, 0x0000000085400000|100%| O|  |TAMS 0x0000000085400000, 0x0000000085300000| Complete 
|  84|0x0000000085400000, 0x0000000085500000, 0x0000000085500000|100%| O|  |TAMS 0x0000000085500000, 0x0000000085400000| Complete 
|  85|0x0000000085500000, 0x0000000085600000, 0x0000000085600000|100%| O|  |TAMS 0x0000000085600000, 0x0000000085500000| Untracked 
|  86|0x0000000085600000, 0x0000000085700000, 0x0000000085700000|100%|HS|  |TAMS 0x0000000085600000, 0x0000000085600000| Complete 
|  87|0x0000000085700000, 0x0000000085800000, 0x0000000085800000|100%|HC|  |TAMS 0x0000000085700000, 0x0000000085700000| Complete 
|  88|0x0000000085800000, 0x0000000085900000, 0x0000000085900000|100%|HS|  |TAMS 0x0000000085900000, 0x0000000085800000| Complete 
|  89|0x0000000085900000, 0x0000000085a00000, 0x0000000085a00000|100%|HC|  |TAMS 0x0000000085a00000, 0x0000000085900000| Complete 
|  90|0x0000000085a00000, 0x0000000085b00000, 0x0000000085b00000|100%|HC|  |TAMS 0x0000000085b00000, 0x0000000085a00000| Complete 
|  91|0x0000000085b00000, 0x0000000085c00000, 0x0000000085c00000|100%| O|  |TAMS 0x0000000085c00000, 0x0000000085b00000| Complete 
|  92|0x0000000085c00000, 0x0000000085d00000, 0x0000000085d00000|100%| O|  |TAMS 0x0000000085d00000, 0x0000000085c00000| Complete 
|  93|0x0000000085d00000, 0x0000000085e00000, 0x0000000085e00000|100%| O|  |TAMS 0x0000000085e00000, 0x0000000085d00000| Complete 
|  94|0x0000000085e00000, 0x0000000085f00000, 0x0000000085f00000|100%| O|  |TAMS 0x0000000085f00000, 0x0000000085e00000| Complete 
|  95|0x0000000085f00000, 0x0000000086000000, 0x0000000086000000|100%| O|  |TAMS 0x0000000086000000, 0x0000000085f00000| Untracked 
|  96|0x0000000086000000, 0x0000000086100000, 0x0000000086100000|100%| O|  |TAMS 0x0000000086100000, 0x0000000086000000| Complete 
|  97|0x0000000086100000, 0x0000000086200000, 0x0000000086200000|100%| O|  |TAMS 0x0000000086200000, 0x0000000086100000| Complete 
|  98|0x0000000086200000, 0x0000000086300000, 0x0000000086300000|100%| O|  |TAMS 0x0000000086300000, 0x0000000086200000| Complete 
|  99|0x0000000086300000, 0x0000000086400000, 0x0000000086400000|100%| O|  |TAMS 0x0000000086400000, 0x0000000086300000| Complete 
| 100|0x0000000086400000, 0x0000000086500000, 0x0000000086500000|100%| O|  |TAMS 0x0000000086500000, 0x0000000086400000| Untracked 
| 101|0x0000000086500000, 0x0000000086500000, 0x0000000086600000|  0%| F|  |TAMS 0x0000000086500000, 0x0000000086500000| Untracked 
| 102|0x0000000086600000, 0x0000000086700000, 0x0000000086700000|100%| O|  |TAMS 0x0000000086700000, 0x0000000086600000| Complete 
| 103|0x0000000086700000, 0x00000000867bd400, 0x0000000086800000| 73%| O|  |TAMS 0x00000000867bd400, 0x0000000086700000| Untracked 
| 104|0x0000000086800000, 0x0000000086900000, 0x0000000086900000|100%|HS|  |TAMS 0x0000000086800000, 0x0000000086800000| Complete 
| 105|0x0000000086900000, 0x0000000086a00000, 0x0000000086a00000|100%|HC|  |TAMS 0x0000000086900000, 0x0000000086900000| Complete 
| 106|0x0000000086a00000, 0x0000000086b00000, 0x0000000086b00000|100%|HS|  |TAMS 0x0000000086a00000, 0x0000000086a00000| Complete 
| 107|0x0000000086b00000, 0x0000000086c00000, 0x0000000086c00000|100%|HC|  |TAMS 0x0000000086b00000, 0x0000000086b00000| Complete 
| 108|0x0000000086c00000, 0x0000000086d00000, 0x0000000086d00000|100%|HS|  |TAMS 0x0000000086c00000, 0x0000000086c00000| Complete 
| 109|0x0000000086d00000, 0x0000000086e00000, 0x0000000086e00000|100%|HC|  |TAMS 0x0000000086d00000, 0x0000000086d00000| Complete 
| 110|0x0000000086e00000, 0x0000000086e00000, 0x0000000086f00000|  0%| F|  |TAMS 0x0000000086e00000, 0x0000000086e00000| Untracked 
| 111|0x0000000086f00000, 0x0000000087000000, 0x0000000087000000|100%| O|  |TAMS 0x0000000087000000, 0x0000000086f00000| Untracked 
| 112|0x0000000087000000, 0x0000000087100000, 0x0000000087100000|100%| O|  |TAMS 0x0000000087100000, 0x0000000087000000| Complete 
| 113|0x0000000087100000, 0x0000000087200000, 0x0000000087200000|100%| O|  |TAMS 0x0000000087200000, 0x0000000087100000| Complete 
| 114|0x0000000087200000, 0x0000000087300000, 0x0000000087300000|100%| O|  |TAMS 0x0000000087300000, 0x0000000087200000| Untracked 
| 115|0x0000000087300000, 0x0000000087400000, 0x0000000087400000|100%| O|  |TAMS 0x0000000087400000, 0x0000000087300000| Complete 
| 116|0x0000000087400000, 0x0000000087500000, 0x0000000087500000|100%| O|  |TAMS 0x0000000087500000, 0x0000000087400000| Complete 
| 117|0x0000000087500000, 0x0000000087600000, 0x0000000087600000|100%| O|  |TAMS 0x0000000087600000, 0x0000000087500000| Complete 
| 118|0x0000000087600000, 0x0000000087600000, 0x0000000087700000|  0%| F|  |TAMS 0x0000000087600000, 0x0000000087600000| Untracked 
| 119|0x0000000087700000, 0x0000000087800000, 0x0000000087800000|100%| O|  |TAMS 0x0000000087800000, 0x0000000087700000| Complete 
| 120|0x0000000087800000, 0x0000000087900000, 0x0000000087900000|100%| O|  |TAMS 0x0000000087900000, 0x0000000087800000| Untracked 
| 121|0x0000000087900000, 0x0000000087a00000, 0x0000000087a00000|100%| O|  |TAMS 0x0000000087a00000, 0x0000000087900000| Complete 
| 122|0x0000000087a00000, 0x0000000087b00000, 0x0000000087b00000|100%| O|  |TAMS 0x0000000087b00000, 0x0000000087a00000| Complete 
| 123|0x0000000087b00000, 0x0000000087c00000, 0x0000000087c00000|100%| O|  |TAMS 0x0000000087c00000, 0x0000000087b00000| Complete 
| 124|0x0000000087c00000, 0x0000000087c00000, 0x0000000087d00000|  0%| F|  |TAMS 0x0000000087c00000, 0x0000000087c00000| Untracked 
| 125|0x0000000087d00000, 0x0000000087e00000, 0x0000000087e00000|100%| O|  |TAMS 0x0000000087e00000, 0x0000000087d00000| Complete 
| 126|0x0000000087e00000, 0x0000000087e00000, 0x0000000087f00000|  0%| F|  |TAMS 0x0000000087e00000, 0x0000000087e00000| Untracked 
| 127|0x0000000087f00000, 0x0000000088000000, 0x0000000088000000|100%| O|  |TAMS 0x0000000088000000, 0x0000000087f00000| Complete 
| 128|0x0000000088000000, 0x0000000088000000, 0x0000000088100000|  0%| F|  |TAMS 0x0000000088000000, 0x0000000088000000| Untracked 
| 129|0x0000000088100000, 0x0000000088200000, 0x0000000088200000|100%| O|  |TAMS 0x0000000088200000, 0x0000000088100000| Untracked 
| 130|0x0000000088200000, 0x0000000088300000, 0x0000000088300000|100%| O|  |TAMS 0x0000000088300000, 0x0000000088200000| Untracked 
| 131|0x0000000088300000, 0x0000000088400000, 0x0000000088400000|100%| O|  |TAMS 0x0000000088400000, 0x0000000088300000| Complete 
| 132|0x0000000088400000, 0x0000000088500000, 0x0000000088500000|100%| O|  |TAMS 0x0000000088500000, 0x0000000088400000| Untracked 
| 133|0x0000000088500000, 0x0000000088600000, 0x0000000088600000|100%| O|  |TAMS 0x0000000088600000, 0x0000000088500000| Untracked 
| 134|0x0000000088600000, 0x0000000088700000, 0x0000000088700000|100%| O|  |TAMS 0x0000000088700000, 0x0000000088600000| Complete 
| 135|0x0000000088700000, 0x0000000088800000, 0x0000000088800000|100%|HS|  |TAMS 0x0000000088700000, 0x0000000088700000| Complete 
| 136|0x0000000088800000, 0x0000000088900000, 0x0000000088900000|100%|HC|  |TAMS 0x0000000088800000, 0x0000000088800000| Complete 
| 137|0x0000000088900000, 0x0000000088a00000, 0x0000000088a00000|100%|HS|  |TAMS 0x0000000088900000, 0x0000000088900000| Complete 
| 138|0x0000000088a00000, 0x0000000088b00000, 0x0000000088b00000|100%|HC|  |TAMS 0x0000000088a00000, 0x0000000088a00000| Complete 
| 139|0x0000000088b00000, 0x0000000088b00000, 0x0000000088c00000|  0%| F|  |TAMS 0x0000000088b00000, 0x0000000088b00000| Untracked 
| 140|0x0000000088c00000, 0x0000000088c00000, 0x0000000088d00000|  0%| F|  |TAMS 0x0000000088c00000, 0x0000000088c00000| Untracked 
| 141|0x0000000088d00000, 0x0000000088e00000, 0x0000000088e00000|100%| O|  |TAMS 0x0000000088e00000, 0x0000000088d00000| Untracked 
| 142|0x0000000088e00000, 0x0000000088f00000, 0x0000000088f00000|100%| O|  |TAMS 0x0000000088f00000, 0x0000000088e00000| Complete 
| 143|0x0000000088f00000, 0x0000000088f00000, 0x0000000089000000|  0%| F|  |TAMS 0x0000000088f00000, 0x0000000088f00000| Untracked 
| 144|0x0000000089000000, 0x0000000089100000, 0x0000000089100000|100%| O|  |TAMS 0x0000000089100000, 0x0000000089000000| Complete 
| 145|0x0000000089100000, 0x0000000089200000, 0x0000000089200000|100%| O|  |TAMS 0x0000000089200000, 0x0000000089100000| Complete 
| 146|0x0000000089200000, 0x0000000089300000, 0x0000000089300000|100%| O|  |TAMS 0x0000000089300000, 0x0000000089200000| Complete 
| 147|0x0000000089300000, 0x0000000089300000, 0x0000000089400000|  0%| F|  |TAMS 0x0000000089300000, 0x0000000089300000| Untracked 
| 148|0x0000000089400000, 0x0000000089400000, 0x0000000089500000|  0%| F|  |TAMS 0x0000000089400000, 0x0000000089400000| Untracked 
| 149|0x0000000089500000, 0x0000000089500000, 0x0000000089600000|  0%| F|  |TAMS 0x0000000089500000, 0x0000000089500000| Untracked 
| 150|0x0000000089600000, 0x0000000089600000, 0x0000000089700000|  0%| F|  |TAMS 0x0000000089600000, 0x0000000089600000| Untracked 
| 151|0x0000000089700000, 0x0000000089700000, 0x0000000089800000|  0%| F|  |TAMS 0x0000000089700000, 0x0000000089700000| Untracked 
| 152|0x0000000089800000, 0x0000000089800000, 0x0000000089900000|  0%| F|  |TAMS 0x0000000089800000, 0x0000000089800000| Untracked 
| 153|0x0000000089900000, 0x0000000089900000, 0x0000000089a00000|  0%| F|  |TAMS 0x0000000089900000, 0x0000000089900000| Untracked 
| 154|0x0000000089a00000, 0x0000000089a00000, 0x0000000089b00000|  0%| F|  |TAMS 0x0000000089a00000, 0x0000000089a00000| Untracked 
| 155|0x0000000089b00000, 0x0000000089b00000, 0x0000000089c00000|  0%| F|  |TAMS 0x0000000089b00000, 0x0000000089b00000| Untracked 
| 156|0x0000000089c00000, 0x0000000089c00000, 0x0000000089d00000|  0%| F|  |TAMS 0x0000000089c00000, 0x0000000089c00000| Untracked 
| 157|0x0000000089d00000, 0x0000000089d00000, 0x0000000089e00000|  0%| F|  |TAMS 0x0000000089d00000, 0x0000000089d00000| Untracked 
| 158|0x0000000089e00000, 0x0000000089e00000, 0x0000000089f00000|  0%| F|  |TAMS 0x0000000089e00000, 0x0000000089e00000| Untracked 
| 159|0x0000000089f00000, 0x0000000089f00000, 0x000000008a000000|  0%| F|  |TAMS 0x0000000089f00000, 0x0000000089f00000| Untracked 
| 160|0x000000008a000000, 0x000000008a000000, 0x000000008a100000|  0%| F|  |TAMS 0x000000008a000000, 0x000000008a000000| Untracked 
| 161|0x000000008a100000, 0x000000008a100000, 0x000000008a200000|  0%| F|  |TAMS 0x000000008a100000, 0x000000008a100000| Untracked 
| 162|0x000000008a200000, 0x000000008a200000, 0x000000008a300000|  0%| F|  |TAMS 0x000000008a200000, 0x000000008a200000| Untracked 
| 163|0x000000008a300000, 0x000000008a300000, 0x000000008a400000|  0%| F|  |TAMS 0x000000008a300000, 0x000000008a300000| Untracked 
| 164|0x000000008a400000, 0x000000008a400000, 0x000000008a500000|  0%| F|  |TAMS 0x000000008a400000, 0x000000008a400000| Untracked 
| 165|0x000000008a500000, 0x000000008a500000, 0x000000008a600000|  0%| F|  |TAMS 0x000000008a500000, 0x000000008a500000| Untracked 
| 166|0x000000008a600000, 0x000000008a600000, 0x000000008a700000|  0%| F|  |TAMS 0x000000008a600000, 0x000000008a600000| Untracked 
| 167|0x000000008a700000, 0x000000008a700000, 0x000000008a800000|  0%| F|  |TAMS 0x000000008a700000, 0x000000008a700000| Untracked 
| 168|0x000000008a800000, 0x000000008a800000, 0x000000008a900000|  0%| F|  |TAMS 0x000000008a800000, 0x000000008a800000| Untracked 
| 169|0x000000008a900000, 0x000000008a900000, 0x000000008aa00000|  0%| F|  |TAMS 0x000000008a900000, 0x000000008a900000| Untracked 
| 170|0x000000008aa00000, 0x000000008aa00000, 0x000000008ab00000|  0%| F|  |TAMS 0x000000008aa00000, 0x000000008aa00000| Untracked 
| 171|0x000000008ab00000, 0x000000008ab00000, 0x000000008ac00000|  0%| F|  |TAMS 0x000000008ab00000, 0x000000008ab00000| Untracked 
| 172|0x000000008ac00000, 0x000000008ac00000, 0x000000008ad00000|  0%| F|  |TAMS 0x000000008ac00000, 0x000000008ac00000| Untracked 
| 173|0x000000008ad00000, 0x000000008ad00000, 0x000000008ae00000|  0%| F|  |TAMS 0x000000008ad00000, 0x000000008ad00000| Untracked 
| 174|0x000000008ae00000, 0x000000008ae00000, 0x000000008af00000|  0%| F|  |TAMS 0x000000008ae00000, 0x000000008ae00000| Untracked 
| 175|0x000000008af00000, 0x000000008af00000, 0x000000008b000000|  0%| F|  |TAMS 0x000000008af00000, 0x000000008af00000| Untracked 
| 176|0x000000008b000000, 0x000000008b05b7a0, 0x000000008b100000| 35%| S|CS|TAMS 0x000000008b000000, 0x000000008b000000| Complete 
| 177|0x000000008b100000, 0x000000008b200000, 0x000000008b200000|100%| S|CS|TAMS 0x000000008b100000, 0x000000008b100000| Complete 
| 178|0x000000008b200000, 0x000000008b300000, 0x000000008b300000|100%| S|CS|TAMS 0x000000008b200000, 0x000000008b200000| Complete 
| 179|0x000000008b300000, 0x000000008b400000, 0x000000008b400000|100%| S|CS|TAMS 0x000000008b300000, 0x000000008b300000| Complete 
| 180|0x000000008b400000, 0x000000008b500000, 0x000000008b500000|100%| S|CS|TAMS 0x000000008b400000, 0x000000008b400000| Complete 
| 181|0x000000008b500000, 0x000000008b600000, 0x000000008b600000|100%| S|CS|TAMS 0x000000008b500000, 0x000000008b500000| Complete 
| 182|0x000000008b600000, 0x000000008b700000, 0x000000008b700000|100%| S|CS|TAMS 0x000000008b600000, 0x000000008b600000| Complete 
| 183|0x000000008b700000, 0x000000008b800000, 0x000000008b800000|100%| S|CS|TAMS 0x000000008b700000, 0x000000008b700000| Complete 
| 184|0x000000008b800000, 0x000000008b800000, 0x000000008b900000|  0%| F|  |TAMS 0x000000008b800000, 0x000000008b800000| Untracked 
| 185|0x000000008b900000, 0x000000008b900000, 0x000000008ba00000|  0%| F|  |TAMS 0x000000008b900000, 0x000000008b900000| Untracked 
| 186|0x000000008ba00000, 0x000000008ba00000, 0x000000008bb00000|  0%| F|  |TAMS 0x000000008ba00000, 0x000000008ba00000| Untracked 
| 187|0x000000008bb00000, 0x000000008bb00000, 0x000000008bc00000|  0%| F|  |TAMS 0x000000008bb00000, 0x000000008bb00000| Untracked 
| 188|0x000000008bc00000, 0x000000008bc00000, 0x000000008bd00000|  0%| F|  |TAMS 0x000000008bc00000, 0x000000008bc00000| Untracked 
| 189|0x000000008bd00000, 0x000000008bd00000, 0x000000008be00000|  0%| F|  |TAMS 0x000000008bd00000, 0x000000008bd00000| Untracked 
| 190|0x000000008be00000, 0x000000008be00000, 0x000000008bf00000|  0%| F|  |TAMS 0x000000008be00000, 0x000000008be00000| Untracked 
| 191|0x000000008bf00000, 0x000000008bf00000, 0x000000008c000000|  0%| F|  |TAMS 0x000000008bf00000, 0x000000008bf00000| Untracked 
| 192|0x000000008c000000, 0x000000008c000000, 0x000000008c100000|  0%| F|  |TAMS 0x000000008c000000, 0x000000008c000000| Untracked 
| 193|0x000000008c100000, 0x000000008c100000, 0x000000008c200000|  0%| F|  |TAMS 0x000000008c100000, 0x000000008c100000| Untracked 
| 194|0x000000008c200000, 0x000000008c200000, 0x000000008c300000|  0%| F|  |TAMS 0x000000008c200000, 0x000000008c200000| Untracked 
| 195|0x000000008c300000, 0x000000008c300000, 0x000000008c400000|  0%| F|  |TAMS 0x000000008c300000, 0x000000008c300000| Untracked 
| 196|0x000000008c400000, 0x000000008c400000, 0x000000008c500000|  0%| F|  |TAMS 0x000000008c400000, 0x000000008c400000| Untracked 
| 197|0x000000008c500000, 0x000000008c500000, 0x000000008c600000|  0%| F|  |TAMS 0x000000008c500000, 0x000000008c500000| Untracked 
| 198|0x000000008c600000, 0x000000008c600000, 0x000000008c700000|  0%| F|  |TAMS 0x000000008c600000, 0x000000008c600000| Untracked 
| 199|0x000000008c700000, 0x000000008c700000, 0x000000008c800000|  0%| F|  |TAMS 0x000000008c700000, 0x000000008c700000| Untracked 
| 200|0x000000008c800000, 0x000000008c800000, 0x000000008c900000|  0%| F|  |TAMS 0x000000008c800000, 0x000000008c800000| Untracked 
| 201|0x000000008c900000, 0x000000008c900000, 0x000000008ca00000|  0%| F|  |TAMS 0x000000008c900000, 0x000000008c900000| Untracked 
| 202|0x000000008ca00000, 0x000000008ca00000, 0x000000008cb00000|  0%| F|  |TAMS 0x000000008ca00000, 0x000000008ca00000| Untracked 
| 203|0x000000008cb00000, 0x000000008cb00000, 0x000000008cc00000|  0%| F|  |TAMS 0x000000008cb00000, 0x000000008cb00000| Untracked 
| 204|0x000000008cc00000, 0x000000008cc00000, 0x000000008cd00000|  0%| F|  |TAMS 0x000000008cc00000, 0x000000008cc00000| Untracked 
| 205|0x000000008cd00000, 0x000000008cd00000, 0x000000008ce00000|  0%| F|  |TAMS 0x000000008cd00000, 0x000000008cd00000| Untracked 
| 206|0x000000008ce00000, 0x000000008ce00000, 0x000000008cf00000|  0%| F|  |TAMS 0x000000008ce00000, 0x000000008ce00000| Untracked 
| 207|0x000000008cf00000, 0x000000008cf00000, 0x000000008d000000|  0%| F|  |TAMS 0x000000008cf00000, 0x000000008cf00000| Untracked 
| 208|0x000000008d000000, 0x000000008d000000, 0x000000008d100000|  0%| F|  |TAMS 0x000000008d000000, 0x000000008d000000| Untracked 
| 209|0x000000008d100000, 0x000000008d100000, 0x000000008d200000|  0%| F|  |TAMS 0x000000008d100000, 0x000000008d100000| Untracked 
| 210|0x000000008d200000, 0x000000008d200000, 0x000000008d300000|  0%| F|  |TAMS 0x000000008d200000, 0x000000008d200000| Untracked 
| 211|0x000000008d300000, 0x000000008d300000, 0x000000008d400000|  0%| F|  |TAMS 0x000000008d300000, 0x000000008d300000| Untracked 
| 212|0x000000008d400000, 0x000000008d400000, 0x000000008d500000|  0%| F|  |TAMS 0x000000008d400000, 0x000000008d400000| Untracked 
| 213|0x000000008d500000, 0x000000008d500000, 0x000000008d600000|  0%| F|  |TAMS 0x000000008d500000, 0x000000008d500000| Untracked 
| 214|0x000000008d600000, 0x000000008d600000, 0x000000008d700000|  0%| F|  |TAMS 0x000000008d600000, 0x000000008d600000| Untracked 
| 215|0x000000008d700000, 0x000000008d700000, 0x000000008d800000|  0%| F|  |TAMS 0x000000008d700000, 0x000000008d700000| Untracked 
| 216|0x000000008d800000, 0x000000008d800000, 0x000000008d900000|  0%| F|  |TAMS 0x000000008d800000, 0x000000008d800000| Untracked 
| 217|0x000000008d900000, 0x000000008d900000, 0x000000008da00000|  0%| F|  |TAMS 0x000000008d900000, 0x000000008d900000| Untracked 
| 218|0x000000008da00000, 0x000000008da00000, 0x000000008db00000|  0%| F|  |TAMS 0x000000008da00000, 0x000000008da00000| Untracked 
| 219|0x000000008db00000, 0x000000008db00000, 0x000000008dc00000|  0%| F|  |TAMS 0x000000008db00000, 0x000000008db00000| Untracked 
| 220|0x000000008dc00000, 0x000000008dce2bd0, 0x000000008dd00000| 88%| E|  |TAMS 0x000000008dc00000, 0x000000008dc00000| Complete 
| 221|0x000000008dd00000, 0x000000008de00000, 0x000000008de00000|100%| E|CS|TAMS 0x000000008dd00000, 0x000000008dd00000| Complete 
| 222|0x000000008de00000, 0x000000008df00000, 0x000000008df00000|100%| E|CS|TAMS 0x000000008de00000, 0x000000008de00000| Complete 
| 223|0x000000008df00000, 0x000000008e000000, 0x000000008e000000|100%| E|CS|TAMS 0x000000008df00000, 0x000000008df00000| Complete 
| 224|0x000000008e000000, 0x000000008e100000, 0x000000008e100000|100%| E|CS|TAMS 0x000000008e000000, 0x000000008e000000| Complete 
| 225|0x000000008e100000, 0x000000008e200000, 0x000000008e200000|100%| E|  |TAMS 0x000000008e100000, 0x000000008e100000| Complete 
| 226|0x000000008e200000, 0x000000008e300000, 0x000000008e300000|100%| E|CS|TAMS 0x000000008e200000, 0x000000008e200000| Complete 
| 227|0x000000008e300000, 0x000000008e400000, 0x000000008e400000|100%| E|CS|TAMS 0x000000008e300000, 0x000000008e300000| Complete 
| 228|0x000000008e400000, 0x000000008e500000, 0x000000008e500000|100%| E|CS|TAMS 0x000000008e400000, 0x000000008e400000| Complete 
| 229|0x000000008e500000, 0x000000008e600000, 0x000000008e600000|100%| E|CS|TAMS 0x000000008e500000, 0x000000008e500000| Complete 
| 230|0x000000008e600000, 0x000000008e700000, 0x000000008e700000|100%| E|CS|TAMS 0x000000008e600000, 0x000000008e600000| Complete 
| 231|0x000000008e700000, 0x000000008e800000, 0x000000008e800000|100%| E|CS|TAMS 0x000000008e700000, 0x000000008e700000| Complete 
| 232|0x000000008e800000, 0x000000008e900000, 0x000000008e900000|100%| E|CS|TAMS 0x000000008e800000, 0x000000008e800000| Complete 
| 233|0x000000008e900000, 0x000000008ea00000, 0x000000008ea00000|100%| E|CS|TAMS 0x000000008e900000, 0x000000008e900000| Complete 
| 234|0x000000008ea00000, 0x000000008eb00000, 0x000000008eb00000|100%| E|CS|TAMS 0x000000008ea00000, 0x000000008ea00000| Complete 
| 235|0x000000008eb00000, 0x000000008ec00000, 0x000000008ec00000|100%| E|CS|TAMS 0x000000008eb00000, 0x000000008eb00000| Complete 
| 236|0x000000008ec00000, 0x000000008ed00000, 0x000000008ed00000|100%| E|CS|TAMS 0x000000008ec00000, 0x000000008ec00000| Complete 
| 237|0x000000008ed00000, 0x000000008ee00000, 0x000000008ee00000|100%| E|CS|TAMS 0x000000008ed00000, 0x000000008ed00000| Complete 
| 238|0x000000008ee00000, 0x000000008ef00000, 0x000000008ef00000|100%| E|CS|TAMS 0x000000008ee00000, 0x000000008ee00000| Complete 
| 239|0x000000008ef00000, 0x000000008f000000, 0x000000008f000000|100%| E|CS|TAMS 0x000000008ef00000, 0x000000008ef00000| Complete 
| 240|0x000000008f000000, 0x000000008f100000, 0x000000008f100000|100%| E|CS|TAMS 0x000000008f000000, 0x000000008f000000| Complete 
| 241|0x000000008f100000, 0x000000008f200000, 0x000000008f200000|100%| E|CS|TAMS 0x000000008f100000, 0x000000008f100000| Complete 
| 242|0x000000008f200000, 0x000000008f300000, 0x000000008f300000|100%| E|CS|TAMS 0x000000008f200000, 0x000000008f200000| Complete 
| 243|0x000000008f300000, 0x000000008f400000, 0x000000008f400000|100%| E|CS|TAMS 0x000000008f300000, 0x000000008f300000| Complete 
| 244|0x000000008f400000, 0x000000008f500000, 0x000000008f500000|100%| E|CS|TAMS 0x000000008f400000, 0x000000008f400000| Complete 
| 245|0x000000008f500000, 0x000000008f600000, 0x000000008f600000|100%| E|CS|TAMS 0x000000008f500000, 0x000000008f500000| Complete 
| 246|0x000000008f600000, 0x000000008f700000, 0x000000008f700000|100%| E|CS|TAMS 0x000000008f600000, 0x000000008f600000| Complete 
| 247|0x000000008f700000, 0x000000008f800000, 0x000000008f800000|100%| E|CS|TAMS 0x000000008f700000, 0x000000008f700000| Complete 
| 248|0x000000008f800000, 0x000000008f900000, 0x000000008f900000|100%| E|CS|TAMS 0x000000008f800000, 0x000000008f800000| Complete 
| 249|0x000000008f900000, 0x000000008fa00000, 0x000000008fa00000|100%| E|CS|TAMS 0x000000008f900000, 0x000000008f900000| Complete 
| 250|0x000000008fa00000, 0x000000008fb00000, 0x000000008fb00000|100%| E|CS|TAMS 0x000000008fa00000, 0x000000008fa00000| Complete 
| 251|0x000000008fb00000, 0x000000008fc00000, 0x000000008fc00000|100%| E|CS|TAMS 0x000000008fb00000, 0x000000008fb00000| Complete 
| 252|0x000000008fc00000, 0x000000008fd00000, 0x000000008fd00000|100%| E|CS|TAMS 0x000000008fc00000, 0x000000008fc00000| Complete 
| 253|0x000000008fd00000, 0x000000008fe00000, 0x000000008fe00000|100%| E|CS|TAMS 0x000000008fd00000, 0x000000008fd00000| Complete 
| 254|0x000000008fe00000, 0x000000008ff00000, 0x000000008ff00000|100%| E|CS|TAMS 0x000000008fe00000, 0x000000008fe00000| Complete 
| 255|0x000000008ff00000, 0x0000000090000000, 0x0000000090000000|100%| E|CS|TAMS 0x000000008ff00000, 0x000000008ff00000| Complete 

Card table byte_map: [0x0000016fe1f80000,0x0000016fe2380000] _byte_map_base: 0x0000016fe1b80000

Marking Bits (Prev, Next): (CMBitMap*) 0x0000016fceda3be0, (CMBitMap*) 0x0000016fceda3ba8
 Prev Bits: [0x0000016fe4780000, 0x0000016fe6780000)
 Next Bits: [0x0000016fe2780000, 0x0000016fe4780000)

Polling page: 0x0000016fccc10000

Metaspace:

Usage:
  Non-class:    125.48 MB capacity,   122.07 MB ( 97%) used,     2.80 MB (  2%) free+waste,   628.75 KB ( <1%) overhead. 
      Class:     18.82 MB capacity,    16.90 MB ( 90%) used,     1.65 MB (  9%) free+waste,   273.69 KB (  1%) overhead. 
       Both:    144.30 MB capacity,   138.97 MB ( 96%) used,     4.44 MB (  3%) free+waste,   902.44 KB ( <1%) overhead. 

Virtual space:
  Non-class space:      130.00 MB reserved,     129.25 MB (>99%) committed 
      Class space:        1.00 GB reserved,      20.70 MB (  2%) committed 
             Both:        1.13 GB reserved,     149.95 MB ( 13%) committed 

Chunk freelists:
   Non-Class:  3.65 MB
       Class:  1.86 MB
        Both:  5.50 MB

MaxMetaspaceSize: 17179869184.00 GB
CompressedClassSpaceSize: 1.00 GB

CodeHeap 'non-profiled nmethods': size=120000Kb used=31267Kb max_used=31267Kb free=88732Kb
 bounds [0x0000016fda320000, 0x0000016fdc1c0000, 0x0000016fe1850000]
CodeHeap 'profiled nmethods': size=120000Kb used=63426Kb max_used=63426Kb free=56573Kb
 bounds [0x0000016fd2df0000, 0x0000016fd6c40000, 0x0000016fda320000]
CodeHeap 'non-nmethods': size=5760Kb used=2399Kb max_used=2490Kb free=3360Kb
 bounds [0x0000016fd2850000, 0x0000016fd2ae0000, 0x0000016fd2df0000]
 total_blobs=30420 nmethods=29390 adapters=938
 compilation: enabled
              stopped_count=0, restarted_count=0
 full_count=0

Compilation events (20 events):
Event: 8339.878 Thread 0x0000016fe9ac1000 37473       2       com.android.tools.r8.internal.i91::u (8 bytes)
Event: 8339.878 Thread 0x0000016fe9ac1000 nmethod 37473 0x0000016fd5d79790 code [0x0000016fd5d79940, 0x0000016fd5d79a58]
Event: 8339.892 Thread 0x0000016fe9abd000 nmethod 37454 0x0000016fdc1ae490 code [0x0000016fdc1ae6c0, 0x0000016fdc1aef38]
Event: 8339.892 Thread 0x0000016fe9abd000 37469       4       com.android.tools.r8.graph.H::a (34 bytes)
Event: 8339.899 Thread 0x0000016fe9abd000 nmethod 37469 0x0000016fdc1af890 code [0x0000016fdc1afa60, 0x0000016fdc1afd38]
Event: 8339.899 Thread 0x0000016fe9abd000 37467 %     4       com.android.tools.r8.internal.oe1::a @ 55 (430 bytes)
Event: 8340.022 Thread 0x0000016fe9ac1000 37496       2       org.gradle.internal.execution.history.changes.NormalizedPathFingerprintCompareStrategy$$Lambda$1191/0x0000000100cb6440::test (12 bytes)
Event: 8340.022 Thread 0x0000016fe9ac1000 nmethod 37496 0x0000016fd639aa90 code [0x0000016fd639ac40, 0x0000016fd639ada8]
Event: 8340.023 Thread 0x0000016fe9ac1000 37497       2       org.gradle.internal.execution.history.changes.IncrementalInputChanges::getFileChanges (6 bytes)
Event: 8340.024 Thread 0x0000016fe9ac1000 nmethod 37497 0x0000016fd5d7f990 code [0x0000016fd5d7fb40, 0x0000016fd5d7fc48]
Event: 8340.026 Thread 0x0000016fe9ac1000 37498       2       sun.misc.Unsafe::allocateInstance (8 bytes)
Event: 8340.026 Thread 0x0000016fe9ac1000 nmethod 37498 0x0000016fd5de0490 code [0x0000016fd5de0640, 0x0000016fd5de0768]
Event: 8340.027 Thread 0x0000016fe9ac1000 37499       2       sun.security.util.DerInputBuffer::getBigInteger (114 bytes)
Event: 8340.027 Thread 0x0000016fe9ac1000 nmethod 37499 0x0000016fd6c35510 code [0x0000016fd6c35740, 0x0000016fd6c35f68]
Event: 8340.063 Thread 0x0000016fe9ac1000 37500       1       com.android.build.api.variant.impl.BuiltArtifactsImpl::getVersion (5 bytes)
Event: 8340.063 Thread 0x0000016fe9ac1000 nmethod 37500 0x0000016fdc1aff90 code [0x0000016fdc1b0140, 0x0000016fdc1b01f8]
Event: 8340.063 Thread 0x0000016fe9ac1000 37501       1       com.android.build.api.variant.impl.BuiltArtifactsImpl::getArtifactType (5 bytes)
Event: 8340.063 Thread 0x0000016fe9ac1000 nmethod 37501 0x0000016fdc1b0290 code [0x0000016fdc1b0440, 0x0000016fdc1b04f8]
Event: 8340.063 Thread 0x0000016fe9ac1000 37502       2       com.google.gson.internal.$Gson$Types$WildcardTypeImpl::hashCode (33 bytes)
Event: 8340.064 Thread 0x0000016fe9ac1000 nmethod 37502 0x0000016fd63bb010 code [0x0000016fd63bb1e0, 0x0000016fd63bb358]

GC Heap History (20 events):
Event: 7387.333 GC heap before
{Heap before GC invocations=170 (full 0):
 garbage-first heap   total 262144K, used 148622K [0x0000000080000000, 0x0000000100000000)
  region size 1024K, 21 young (21504K), 2 survivors (2048K)
 Metaspace       used 142078K, capacity 147615K, committed 153548K, reserved 1181696K
  class space    used 17300K, capacity 19255K, committed 21196K, reserved 1048576K
}
Event: 7387.342 GC heap after
{Heap after GC invocations=171 (full 0):
 garbage-first heap   total 262144K, used 130670K [0x0000000080000000, 0x0000000100000000)
  region size 1024K, 1 young (1024K), 1 survivors (1024K)
 Metaspace       used 142078K, capacity 147615K, committed 153548K, reserved 1181696K
  class space    used 17300K, capacity 19255K, committed 21196K, reserved 1048576K
}
Event: 7473.262 GC heap before
{Heap before GC invocations=172 (full 0):
 garbage-first heap   total 262144K, used 223854K [0x0000000080000000, 0x0000000100000000)
  region size 1024K, 79 young (80896K), 1 survivors (1024K)
 Metaspace       used 142106K, capacity 147682K, committed 153548K, reserved 1181696K
  class space    used 17300K, capacity 19255K, committed 21196K, reserved 1048576K
}
Event: 7473.271 GC heap after
{Heap after GC invocations=173 (full 0):
 garbage-first heap   total 262144K, used 136778K [0x0000000080000000, 0x0000000100000000)
  region size 1024K, 9 young (9216K), 9 survivors (9216K)
 Metaspace       used 142106K, capacity 147682K, committed 153548K, reserved 1181696K
  class space    used 17300K, capacity 19255K, committed 21196K, reserved 1048576K
}
Event: 7473.691 GC heap before
{Heap before GC invocations=173 (full 0):
 garbage-first heap   total 262144K, used 139850K [0x0000000080000000, 0x0000000100000000)
  region size 1024K, 12 young (12288K), 9 survivors (9216K)
 Metaspace       used 142110K, capacity 147682K, committed 153548K, reserved 1181696K
  class space    used 17300K, capacity 19255K, committed 21196K, reserved 1048576K
}
Event: 7473.700 GC heap after
{Heap after GC invocations=174 (full 0):
 garbage-first heap   total 262144K, used 135603K [0x0000000080000000, 0x0000000100000000)
  region size 1024K, 2 young (2048K), 2 survivors (2048K)
 Metaspace       used 142110K, capacity 147682K, committed 153548K, reserved 1181696K
  class space    used 17300K, capacity 19255K, committed 21196K, reserved 1048576K
}
Event: 7474.773 GC heap before
{Heap before GC invocations=174 (full 0):
 garbage-first heap   total 262144K, used 166323K [0x0000000080000000, 0x0000000100000000)
  region size 1024K, 34 young (34816K), 2 survivors (2048K)
 Metaspace       used 142124K, capacity 147700K, committed 153548K, reserved 1181696K
  class space    used 17302K, capacity 19258K, committed 21196K, reserved 1048576K
}
Event: 7474.781 GC heap after
{Heap after GC invocations=175 (full 0):
 garbage-first heap   total 262144K, used 138279K [0x0000000080000000, 0x0000000100000000)
  region size 1024K, 4 young (4096K), 4 survivors (4096K)
 Metaspace       used 142124K, capacity 147700K, committed 153548K, reserved 1181696K
  class space    used 17302K, capacity 19258K, committed 21196K, reserved 1048576K
}
Event: 7529.495 GC heap before
{Heap before GC invocations=176 (full 0):
 garbage-first heap   total 262144K, used 228391K [0x0000000080000000, 0x0000000100000000)
  region size 1024K, 78 young (79872K), 4 survivors (4096K)
 Metaspace       used 142252K, capacity 147747K, committed 153548K, reserved 1181696K
  class space    used 17306K, capacity 19265K, committed 21196K, reserved 1048576K
}
Event: 7529.505 GC heap after
{Heap after GC invocations=177 (full 0):
 garbage-first heap   total 262144K, used 140683K [0x0000000080000000, 0x0000000100000000)
  region size 1024K, 8 young (8192K), 8 survivors (8192K)
 Metaspace       used 142252K, capacity 147747K, committed 153548K, reserved 1181696K
  class space    used 17306K, capacity 19265K, committed 21196K, reserved 1048576K
}
Event: 7529.545 GC heap before
{Heap before GC invocations=177 (full 0):
 garbage-first heap   total 262144K, used 143755K [0x0000000080000000, 0x0000000100000000)
  region size 1024K, 12 young (12288K), 8 survivors (8192K)
 Metaspace       used 142252K, capacity 147747K, committed 153548K, reserved 1181696K
  class space    used 17306K, capacity 19265K, committed 21196K, reserved 1048576K
}
Event: 7529.557 GC heap after
{Heap after GC invocations=178 (full 0):
 garbage-first heap   total 262144K, used 122541K [0x0000000080000000, 0x0000000100000000)
  region size 1024K, 2 young (2048K), 2 survivors (2048K)
 Metaspace       used 142252K, capacity 147747K, committed 153548K, reserved 1181696K
  class space    used 17306K, capacity 19265K, committed 21196K, reserved 1048576K
}
Event: 7531.323 GC heap before
{Heap before GC invocations=178 (full 0):
 garbage-first heap   total 262144K, used 187053K [0x0000000080000000, 0x0000000100000000)
  region size 1024K, 67 young (68608K), 2 survivors (2048K)
 Metaspace       used 142255K, capacity 147747K, committed 153548K, reserved 1181696K
  class space    used 17306K, capacity 19265K, committed 21196K, reserved 1048576K
}
Event: 7531.332 GC heap after
{Heap after GC invocations=179 (full 0):
 garbage-first heap   total 262144K, used 127619K [0x0000000080000000, 0x0000000100000000)
  region size 1024K, 7 young (7168K), 7 survivors (7168K)
 Metaspace       used 142255K, capacity 147747K, committed 153548K, reserved 1181696K
  class space    used 17306K, capacity 19265K, committed 21196K, reserved 1048576K
}
Event: 8337.555 GC heap before
{Heap before GC invocations=180 (full 0):
 garbage-first heap   total 262144K, used 226947K [0x0000000080000000, 0x0000000100000000)
  region size 1024K, 89 young (91136K), 7 survivors (7168K)
 Metaspace       used 142288K, capacity 147750K, committed 153548K, reserved 1181696K
  class space    used 17306K, capacity 19265K, committed 21196K, reserved 1048576K
}
Event: 8337.565 GC heap after
{Heap after GC invocations=181 (full 0):
 garbage-first heap   total 262144K, used 129711K [0x0000000080000000, 0x0000000100000000)
  region size 1024K, 9 young (9216K), 9 survivors (9216K)
 Metaspace       used 142288K, capacity 147750K, committed 153548K, reserved 1181696K
  class space    used 17306K, capacity 19265K, committed 21196K, reserved 1048576K
}
Event: 8337.580 GC heap before
{Heap before GC invocations=181 (full 0):
 garbage-first heap   total 262144K, used 132783K [0x0000000080000000, 0x0000000100000000)
  region size 1024K, 12 young (12288K), 9 survivors (9216K)
 Metaspace       used 142288K, capacity 147750K, committed 153548K, reserved 1181696K
  class space    used 17306K, capacity 19265K, committed 21196K, reserved 1048576K
}
Event: 8337.594 GC heap after
{Heap after GC invocations=182 (full 0):
 garbage-first heap   total 262144K, used 122459K [0x0000000080000000, 0x0000000100000000)
  region size 1024K, 2 young (2048K), 2 survivors (2048K)
 Metaspace       used 142288K, capacity 147750K, committed 153548K, reserved 1181696K
  class space    used 17306K, capacity 19265K, committed 21196K, reserved 1048576K
}
Event: 8339.799 GC heap before
{Heap before GC invocations=182 (full 0):
 garbage-first heap   total 262144K, used 192091K [0x0000000080000000, 0x0000000100000000)
  region size 1024K, 72 young (73728K), 2 survivors (2048K)
 Metaspace       used 142303K, capacity 147759K, committed 153548K, reserved 1181696K
  class space    used 17308K, capacity 19268K, committed 21196K, reserved 1048576K
}
Event: 8339.811 GC heap after
{Heap after GC invocations=183 (full 0):
 garbage-first heap   total 262144K, used 128098K [0x0000000080000000, 0x0000000100000000)
  region size 1024K, 8 young (8192K), 8 survivors (8192K)
 Metaspace       used 142303K, capacity 147759K, committed 153548K, reserved 1181696K
  class space    used 17308K, capacity 19268K, committed 21196K, reserved 1048576K
}

Deoptimization events (20 events):
Event: 7372.678 Thread 0x0000016ffa4a7000 Uncommon trap: trap_request=0xffffffc6 fr.pc=0x0000016fdaf89718 relative=0x0000000000002c78
Event: 7372.678 Thread 0x0000016ffa4a7000 Uncommon trap: reason=bimorphic_or_optimized_type_check action=maybe_recompile pc=0x0000016fdaf89718 method=com.google.common.cache.LocalCache$Segment.get(Ljava/lang/Object;I)Ljava/lang/Object; @ 44 c2
Event: 7372.678 Thread 0x0000016ffa4a7000 DEOPT PACKING pc=0x0000016fdaf89718 sp=0x00000004023fd1c0
Event: 7372.678 Thread 0x0000016ffa4a7000 DEOPT UNPACKING pc=0x0000016fd287662f sp=0x00000004023fd120 mode 2
Event: 7386.834 Thread 0x0000016fec4cf800 DEOPT PACKING pc=0x0000016fd62bce30 sp=0x000000040a3fd310
Event: 7386.834 Thread 0x0000016fec4cf800 DEOPT UNPACKING pc=0x0000016fd2876dde sp=0x000000040a3fc888 mode 0
Event: 7387.245 Thread 0x0000016fec4cf800 DEOPT PACKING pc=0x0000016fd5ba79e0 sp=0x000000040a3fc000
Event: 7387.245 Thread 0x0000016fec4cf800 DEOPT UNPACKING pc=0x0000016fd2876dde sp=0x000000040a3fb698 mode 0
Event: 7473.259 Thread 0x0000016ff0845000 DEOPT PACKING pc=0x0000016fd6ba3e5d sp=0x00000004099fa9c0
Event: 7473.259 Thread 0x0000016ff0845000 DEOPT UNPACKING pc=0x0000016fd2876dde sp=0x00000004099fa0c8 mode 0
Event: 7529.863 Thread 0x0000016fec4d5800 DEOPT PACKING pc=0x0000016fd6ba3e5d sp=0x00000004096fa240
Event: 7529.863 Thread 0x0000016fec4d5800 DEOPT UNPACKING pc=0x0000016fd2876dde sp=0x00000004096f9948 mode 0
Event: 7531.404 Thread 0x0000016fef918000 DEOPT PACKING pc=0x0000016fd5ba79e0 sp=0x00000004093fbdb0
Event: 7531.404 Thread 0x0000016fef918000 DEOPT UNPACKING pc=0x0000016fd2876dde sp=0x00000004093fb448 mode 0
Event: 8337.323 Thread 0x0000016ffa4b9000 Uncommon trap: trap_request=0xffffff4d fr.pc=0x0000016fdb0f45fc relative=0x0000000000000afc
Event: 8337.323 Thread 0x0000016ffa4b9000 Uncommon trap: reason=unstable_if action=reinterpret pc=0x0000016fdb0f45fc method=java.util.concurrent.locks.AbstractQueuedSynchronizer.unparkSuccessor(Ljava/util/concurrent/locks/AbstractQueuedSynchronizer$Node;)V @ 22 c2
Event: 8337.323 Thread 0x0000016ffa4b9000 DEOPT PACKING pc=0x0000016fdb0f45fc sp=0x0000000404cfeb50
Event: 8337.323 Thread 0x0000016ffa4b9000 DEOPT UNPACKING pc=0x0000016fd287662f sp=0x0000000404cfe9d8 mode 2
Event: 8338.067 Thread 0x0000016ff0851000 DEOPT PACKING pc=0x0000016fd6ba3e5d sp=0x00000004095fa7b0
Event: 8338.067 Thread 0x0000016ff0851000 DEOPT UNPACKING pc=0x0000016fd2876dde sp=0x00000004095f9eb8 mode 0

Classes redefined (0 events):
No events

Internal exceptions (20 events):
Event: 7531.587 Thread 0x0000016ffa4a7000 Exception <a 'sun/nio/fs/WindowsException'{0x000000008e1ea368}> (0x000000008e1ea368) thrown at [./src/hotspot/share/prims/jni.cpp, line 615]
Event: 7531.587 Thread 0x0000016ffa4a7000 Exception <a 'sun/nio/fs/WindowsException'{0x000000008e1ea3e8}> (0x000000008e1ea3e8) thrown at [./src/hotspot/share/prims/jni.cpp, line 615]
Event: 7531.587 Thread 0x0000016ffa4a7000 Exception <a 'sun/nio/fs/WindowsException'{0x000000008e1ebcb0}> (0x000000008e1ebcb0) thrown at [./src/hotspot/share/prims/jni.cpp, line 615]
Event: 8337.323 Thread 0x0000016ffa4b9000 Implicit null exception at 0x0000016fdb0f3e10 to 0x0000016fdb0f45e4
Event: 8337.365 Thread 0x0000016ffa4aa800 Exception <a 'sun/nio/fs/WindowsException'{0x000000008b224380}> (0x000000008b224380) thrown at [./src/hotspot/share/prims/jni.cpp, line 615]
Event: 8337.545 Thread 0x0000016ffa4aa800 Exception <a 'sun/nio/fs/WindowsException'{0x000000008a8b1920}> (0x000000008a8b1920) thrown at [./src/hotspot/share/prims/jni.cpp, line 615]
Event: 8337.549 Thread 0x0000016ffa4aa800 Exception <a 'sun/nio/fs/WindowsException'{0x000000008a753890}> (0x000000008a753890) thrown at [./src/hotspot/share/prims/jni.cpp, line 615]
Event: 8337.550 Thread 0x0000016ffa4aa800 Exception <a 'sun/nio/fs/WindowsException'{0x000000008a754a78}> (0x000000008a754a78) thrown at [./src/hotspot/share/prims/jni.cpp, line 615]
Event: 8337.550 Thread 0x0000016ffa4aa800 Exception <a 'sun/nio/fs/WindowsException'{0x000000008a755cb0}> (0x000000008a755cb0) thrown at [./src/hotspot/share/prims/jni.cpp, line 615]
Event: 8337.550 Thread 0x0000016ffa4aa800 Exception <a 'sun/nio/fs/WindowsException'{0x000000008a756ee8}> (0x000000008a756ee8) thrown at [./src/hotspot/share/prims/jni.cpp, line 615]
Event: 8338.075 Thread 0x0000016feb135000 Exception <a 'java/lang/InterruptedException'{0x000000008daa99e8}> (0x000000008daa99e8) thrown at [./src/hotspot/share/runtime/objectMonitor.cpp, line 1635]
Event: 8338.794 Thread 0x0000016feb13b800 Exception <a 'java/lang/InterruptedException'{0x000000008cfc26b0}> (0x000000008cfc26b0) thrown at [./src/hotspot/share/runtime/objectMonitor.cpp, line 1635]
Event: 8339.820 Thread 0x0000016fef694000 Exception <a 'sun/nio/fs/WindowsException'{0x000000008ff746e8}> (0x000000008ff746e8) thrown at [./src/hotspot/share/prims/jni.cpp, line 615]
Event: 8339.821 Thread 0x0000016fef694000 Exception <a 'sun/nio/fs/WindowsException'{0x000000008ff7cff0}> (0x000000008ff7cff0) thrown at [./src/hotspot/share/prims/jni.cpp, line 615]
Event: 8339.859 Thread 0x0000016fef692800 Exception <a 'sun/nio/fs/WindowsException'{0x000000008f8708a8}> (0x000000008f8708a8) thrown at [./src/hotspot/share/prims/jni.cpp, line 615]
Event: 8339.861 Thread 0x0000016fef68e800 Exception <a 'sun/nio/fs/WindowsException'{0x000000008f66dcd8}> (0x000000008f66dcd8) thrown at [./src/hotspot/share/prims/jni.cpp, line 615]
Event: 8339.881 Thread 0x0000016fef68e800 Exception <a 'sun/nio/fs/WindowsException'{0x000000008efd8060}> (0x000000008efd8060) thrown at [./src/hotspot/share/prims/jni.cpp, line 615]
Event: 8339.932 Thread 0x0000016fef692800 Exception <a 'sun/nio/fs/WindowsException'{0x000000008e5fa150}> (0x000000008e5fa150) thrown at [./src/hotspot/share/prims/jni.cpp, line 615]
Event: 8339.982 Thread 0x0000016fef694000 Exception <a 'sun/nio/fs/WindowsException'{0x000000008e11c920}> (0x000000008e11c920) thrown at [./src/hotspot/share/prims/jni.cpp, line 615]
Event: 8339.988 Thread 0x0000016fef694000 Exception <a 'sun/nio/fs/WindowsException'{0x000000008e0608b0}> (0x000000008e0608b0) thrown at [./src/hotspot/share/prims/jni.cpp, line 615]

Events (20 events):
Event: 8339.956 Executing VM operation: RevokeBias done
Event: 8339.956 Executing VM operation: RevokeBias
Event: 8339.957 Executing VM operation: RevokeBias done
Event: 8339.957 Executing VM operation: RevokeBias
Event: 8339.957 Executing VM operation: RevokeBias done
Event: 8340.014 Executing VM operation: CGC_Operation
Event: 8340.014 Executing VM operation: CGC_Operation done
Event: 8340.029 Executing VM operation: RevokeBias
Event: 8340.029 Executing VM operation: RevokeBias done
Event: 8340.030 Executing VM operation: RevokeBias
Event: 8340.030 Executing VM operation: RevokeBias done
Event: 8340.042 Thread 0x0000016feb13b800 Thread added: 0x0000016feb13b800
Event: 8340.042 Thread 0x0000016ff084d000 Thread added: 0x0000016ff084d000
Event: 8340.042 Thread 0x0000016fefce9000 Thread added: 0x0000016fefce9000
Event: 8340.042 Executing VM operation: RevokeBias
Event: 8340.042 Thread 0x0000016fefcea800 Thread added: 0x0000016fefcea800
Event: 8340.042 Thread 0x0000016fefced800 Thread added: 0x0000016fefced800
Event: 8340.043 Executing VM operation: RevokeBias done
Event: 8340.043 Executing VM operation: RevokeBias
Event: 8340.043 Executing VM operation: RevokeBias done


Dynamic libraries:
0x00007ff6de230000 - 0x00007ff6de23a000 	D:\AndroidFox\jre\bin\java.exe
0x00007ff8b4080000 - 0x00007ff8b4270000 	C:\Windows\SYSTEM32\ntdll.dll
0x00007ff8b2320000 - 0x00007ff8b23d2000 	C:\Windows\System32\KERNEL32.DLL
0x00007ff8b1230000 - 0x00007ff8b14d5000 	C:\Windows\System32\KERNELBASE.dll
0x00007ff8b1ee0000 - 0x00007ff8b1fda000 	C:\Windows\System32\ucrtbase.dll
0x00007ff8a2270000 - 0x00007ff8a2289000 	D:\AndroidFox\jre\bin\jli.dll
0x00007ff8b23e0000 - 0x00007ff8b2574000 	C:\Windows\System32\USER32.dll
0x00007ff8b1050000 - 0x00007ff8b1071000 	C:\Windows\System32\win32u.dll
0x00007ff8a0ee0000 - 0x00007ff8a1164000 	C:\Windows\WinSxS\amd64_microsoft.windows.common-controls_6595b64144ccf1df_6.0.18362.1556_none_9e7e372fe45e41d5\COMCTL32.dll
0x00007ff8b26e0000 - 0x00007ff8b2706000 	C:\Windows\System32\GDI32.dll
0x00007ff8b2600000 - 0x00007ff8b269e000 	C:\Windows\System32\msvcrt.dll
0x00007ff8b1cf0000 - 0x00007ff8b1e88000 	C:\Windows\System32\gdi32full.dll
0x00007ff8b39d0000 - 0x00007ff8b3d06000 	C:\Windows\System32\combase.dll
0x00007ff8b1fe0000 - 0x00007ff8b207e000 	C:\Windows\System32\msvcp_win.dll
0x00007ff8b38b0000 - 0x00007ff8b39cf000 	C:\Windows\System32\RPCRT4.dll
0x00007ff8b1c60000 - 0x00007ff8b1ce1000 	C:\Windows\System32\bcryptPrimitives.dll
0x00007ff879f70000 - 0x00007ff879f87000 	D:\AndroidFox\jre\bin\VCRUNTIME140.dll
0x00007ff8b26b0000 - 0x00007ff8b26de000 	C:\Windows\System32\IMM32.DLL
0x00007ff860d60000 - 0x00007ff860dfd000 	D:\AndroidFox\jre\bin\msvcp140.dll
0x00007ff8170d0000 - 0x00007ff817ba5000 	D:\AndroidFox\jre\bin\server\jvm.dll
0x00007ff8b2b90000 - 0x00007ff8b2c33000 	C:\Windows\System32\ADVAPI32.dll
0x00007ff8b2280000 - 0x00007ff8b2317000 	C:\Windows\System32\sechost.dll
0x00007ff8b2270000 - 0x00007ff8b2278000 	C:\Windows\System32\PSAPI.DLL
0x00007ff8aef50000 - 0x00007ff8aef74000 	C:\Windows\SYSTEM32\WINMM.dll
0x00007ff898f00000 - 0x00007ff898f09000 	C:\Windows\SYSTEM32\WSOCK32.dll
0x00007ff8ab7f0000 - 0x00007ff8ab7fa000 	C:\Windows\SYSTEM32\VERSION.dll
0x00007ff8b2d70000 - 0x00007ff8b2ddf000 	C:\Windows\System32\WS2_32.dll
0x00007ff8aedf0000 - 0x00007ff8aee1d000 	C:\Windows\SYSTEM32\WINMMBASE.dll
0x00007ff8b1e90000 - 0x00007ff8b1eda000 	C:\Windows\System32\cfgmgr32.dll
0x00007ff8b0f40000 - 0x00007ff8b0f51000 	C:\Windows\System32\kernel.appcore.dll
0x00007ff86acb0000 - 0x00007ff86acc1000 	D:\AndroidFox\jre\bin\verify.dll
0x00007ff89ca30000 - 0x00007ff89cc24000 	C:\Windows\SYSTEM32\DBGHELP.DLL
0x00007ff89c2e0000 - 0x00007ff89c30a000 	C:\Windows\SYSTEM32\dbgcore.DLL
0x00007ff861150000 - 0x00007ff861179000 	D:\AndroidFox\jre\bin\java.dll
0x00007ff8ad730000 - 0x00007ff8ad73b000 	D:\AndroidFox\jre\bin\jimage.dll
0x00007ff866600000 - 0x00007ff866618000 	D:\AndroidFox\jre\bin\zip.dll
0x00007ff8b3110000 - 0x00007ff8b37f7000 	C:\Windows\System32\SHELL32.dll
0x00007ff8b3800000 - 0x00007ff8b38a8000 	C:\Windows\System32\shcore.dll
0x00007ff8b14e0000 - 0x00007ff8b1c5b000 	C:\Windows\System32\windows.storage.dll
0x00007ff8b0fd0000 - 0x00007ff8b0fee000 	C:\Windows\System32\profapi.dll
0x00007ff8b0f80000 - 0x00007ff8b0fca000 	C:\Windows\System32\powrprof.dll
0x00007ff8b0f30000 - 0x00007ff8b0f40000 	C:\Windows\System32\UMPDC.dll
0x00007ff8b2e50000 - 0x00007ff8b2ea2000 	C:\Windows\System32\shlwapi.dll
0x00007ff8b1210000 - 0x00007ff8b1227000 	C:\Windows\System32\cryptsp.dll
0x00007ff8660c0000 - 0x00007ff8660da000 	D:\AndroidFox\jre\bin\net.dll
0x00007ff8aa4d0000 - 0x00007ff8aa5ca000 	C:\Windows\SYSTEM32\WINHTTP.dll
0x00007ff8b0720000 - 0x00007ff8b0787000 	C:\Windows\system32\mswsock.dll
0x00007ff860b50000 - 0x00007ff860b64000 	D:\AndroidFox\jre\bin\nio.dll
0x00007ff8727c0000 - 0x00007ff8727e7000 	C:\Users\Admin\.gradle\native\e1d6ef7f7dcc3fd88c89a11ec53ec762bb8ba0a96d01ffa2cd45eb1d1d8dd5c5\windows-amd64\native-platform.dll
0x00007ff8533f0000 - 0x00007ff853534000 	C:\Users\Admin\.gradle\native\5664cfc778a61ccfe75a443a1ab52a65af34e5dc3c78e0209fed803814484fcb\windows-amd64\native-platform-file-events.dll
0x00007ff8ad6d0000 - 0x00007ff8ad6da000 	D:\AndroidFox\jre\bin\management.dll
0x00007ff8a22f0000 - 0x00007ff8a22fd000 	D:\AndroidFox\jre\bin\management_ext.dll
0x00007ff8b0250000 - 0x00007ff8b0283000 	C:\Windows\system32\rsaenh.dll
0x00007ff8b1080000 - 0x00007ff8b10a6000 	C:\Windows\System32\bcrypt.dll
0x00007ff8b0e50000 - 0x00007ff8b0e75000 	C:\Windows\SYSTEM32\USERENV.dll
0x00007ff8b08a0000 - 0x00007ff8b08ac000 	C:\Windows\SYSTEM32\CRYPTBASE.dll
0x00007ff8b03e0000 - 0x00007ff8b041a000 	C:\Windows\SYSTEM32\IPHLPAPI.DLL
0x00007ff8b26a0000 - 0x00007ff8b26a8000 	C:\Windows\System32\NSI.dll
0x00007ff8aad70000 - 0x00007ff8aad86000 	C:\Windows\SYSTEM32\dhcpcsvc6.DLL
0x00007ff8aa7c0000 - 0x00007ff8aa7dc000 	C:\Windows\SYSTEM32\dhcpcsvc.DLL
0x00007ff8b0420000 - 0x00007ff8b04eb000 	C:\Windows\SYSTEM32\DNSAPI.dll
0x00007ff87a0a0000 - 0x00007ff87a0be000 	C:\Users\Admin\AppData\Local\Temp\native-platform12548246878388195745dir\native-platform.dll
0x00007ff8a22b0000 - 0x00007ff8a22b8000 	D:\AndroidFox\jre\bin\rmi.dll
0x00007ff8aff30000 - 0x00007ff8aff61000 	C:\Windows\SYSTEM32\ntmarta.dll

dbghelp: loaded successfully - version: 4.0.5 - missing functions: none
symbol engine: initialized successfully - sym options: 0x614 - pdb path: .;D:\AndroidFox\jre\bin;C:\Windows\SYSTEM32;C:\Windows\WinSxS\amd64_microsoft.windows.common-controls_6595b64144ccf1df_6.0.18362.1556_none_9e7e372fe45e41d5;D:\AndroidFox\jre\bin\server;C:\Users\Admin\.gradle\native\e1d6ef7f7dcc3fd88c89a11ec53ec762bb8ba0a96d01ffa2cd45eb1d1d8dd5c5\windows-amd64;C:\Users\Admin\.gradle\native\5664cfc778a61ccfe75a443a1ab52a65af34e5dc3c78e0209fed803814484fcb\windows-amd64;C:\Users\Admin\AppData\Local\Temp\native-platform12548246878388195745dir

VM Arguments:
jvm_args: --add-opens=java.base/java.util=ALL-UNNAMED --add-opens=java.base/java.lang=ALL-UNNAMED --add-opens=java.base/java.lang.invoke=ALL-UNNAMED --add-opens=java.base/java.util=ALL-UNNAMED --add-opens=java.prefs/java.util.prefs=ALL-UNNAMED --add-opens=java.prefs/java.util.prefs=ALL-UNNAMED --add-opens=java.base/java.nio.charset=ALL-UNNAMED --add-opens=java.base/java.net=ALL-UNNAMED --add-opens=java.base/java.util.concurrent.atomic=ALL-UNNAMED -Xmx2048m -Dfile.encoding=UTF-8 -Duser.country=US -Duser.language=en -Duser.variant 
java_command: org.gradle.launcher.daemon.bootstrap.GradleDaemon 7.2
java_class_path (initial): C:\Users\Admin\.gradle\wrapper\dists\gradle-7.2-bin\2dnblmf4td7x66yl1d74lt32g\gradle-7.2\lib\gradle-launcher-7.2.jar
Launcher Type: SUN_STANDARD

[Global flags]
     intx CICompilerCount                          = 4                                         {product} {ergonomic}
     uint ConcGCThreads                            = 2                                         {product} {ergonomic}
     uint G1ConcRefinementThreads                  = 8                                         {product} {ergonomic}
   size_t G1HeapRegionSize                         = 1048576                                   {product} {ergonomic}
    uintx GCDrainStackTargetSize                   = 64                                        {product} {ergonomic}
   size_t InitialHeapSize                          = 268435456                                 {product} {ergonomic}
   size_t MarkStackSize                            = 4194304                                   {product} {ergonomic}
   size_t MaxHeapSize                              = 2147483648                                {product} {command line}
   size_t MaxNewSize                               = 1287651328                                {product} {ergonomic}
   size_t MinHeapDeltaBytes                        = 1048576                                   {product} {ergonomic}
    uintx NonNMethodCodeHeapSize                   = 5836300                                {pd product} {ergonomic}
    uintx NonProfiledCodeHeapSize                  = 122910970                              {pd product} {ergonomic}
    uintx ProfiledCodeHeapSize                     = 122910970                              {pd product} {ergonomic}
    uintx ReservedCodeCacheSize                    = 251658240                              {pd product} {ergonomic}
     bool SegmentedCodeCache                       = true                                      {product} {ergonomic}
     bool UseCompressedClassPointers               = true                                 {lp64_product} {ergonomic}
     bool UseCompressedOops                        = true                                 {lp64_product} {ergonomic}
     bool UseG1GC                                  = true                                      {product} {ergonomic}
     bool UseLargePagesIndividualAllocation        = false                                  {pd product} {ergonomic}

Logging:
Log output configuration:
 #0: stdout all=warning uptime,level,tags
 #1: stderr all=off uptime,level,tags

Environment Variables:
PATH=C:\Python310\Scripts\;C:\Python310\;C:\Windows\system32;C:\Windows;C:\Windows\System32\Wbem;C:\Windows\System32\WindowsPowerShell\v1.0\;C:\Windows\System32\OpenSSH\;C:\Program Files (x86)\Microsoft SQL Server\150\DTS\Binn\;C:\Program Files\Microsoft SQL Server\Client SDK\ODBC\130\Tools\Binn\;C:\Program Files (x86)\Microsoft SQL Server\140\Tools\Binn\;C:\Program Files\Microsoft SQL Server\140\Tools\Binn\;C:\Program Files\Microsoft SQL Server\140\DTS\Binn\;C:\Program Files\Microsoft\Web Platform Installer\;C:\Program Files\dotnet\;C:\Program Files\Microsoft SQL Server\130\Tools\Binn\;C:\Program Files\Microsoft SQL Server\Client SDK\ODBC\170\Tools\Binn\;D:\flutterSdk\flutter;C:\Program Files\Git\cmd;C:\Program Files\NVIDIA Corporation\NVIDIA NvDLISR;C:\Program Files (x86)\NVIDIA Corporation\PhysX\Common;C:\Program Files\Dart\dart-sdk\bin;D:\AndroidSdk\platform-tools;D:\php7.4;C:\ProgramData\ComposerSetup\bin;C:\Program Files\nodejs\;C:\ProgramData\chocolatey\bin;C:\Windows\system32;C:\Windows;C:\Windows\System32\Wbem;C:\Windows\System32\WindowsPowerShell\v1.0\;C:\Windows\System32\OpenSSH\;C:\Program Files (x86)\Microsoft SQL Server\150\DTS\Binn\;C:\Program Files\Microsoft SQL Server\Client SDK\ODBC\130\Tools\Binn\;C:\Program Files (x86)\Microsoft SQL Server\140\Tools\Binn\;C:\Program Files\Microsoft SQL Server\140\Tools\Binn\;C:\Program Files\Microsoft SQL Server\140\DTS\Binn\;C:\Program Files\Microsoft\Web Platform Installer\;C:\Program Files\dotnet\;C:\Program Files\Microsoft SQL Server\130\Tools\Binn\;C:\Program Files\Microsoft SQL Server\Client SDK\ODBC\170\Tools\Binn\;D:\flutterSdk\flutter;C:\Program Files\Git\cmd;C:\Program Files\NVIDIA Corporation\NVIDIA NvDLISR;C:\Program Files (x86)\NVIDIA Corporation\PhysX\Common;C:\Program Files\Dart\dart-sdk\bin;D:\AndroidSdk\platform-tools;C:\Program Files\Docker\Docker\resources\bin;C:\ProgramData\DockerDesktop\version-bin;D:\php7.4;C:\ProgramData\ComposerSetup\bin;E:\v7.1;D:\Composer;"C:\Users\Admin\AppData\Local\Micro
USERNAME=Admin
OS=Windows_NT
PROCESSOR_IDENTIFIER=Intel64 Family 6 Model 158 Stepping 9, GenuineIntel



---------------  S Y S T E M  ---------------

OS: Windows 10 , 64 bit Build 18362 (10.0.18362.1500)
OS uptime: 3 days 0:30 hours
Hyper-V role detected

CPU:total 8 (initial active 8) (4 cores per cpu, 2 threads per core) family 6 model 158 stepping 9 microcode 0xde, cmov, cx8, fxsr, mmx, sse, sse2, sse3, ssse3, sse4.1, sse4.2, popcnt, avx, avx2, aes, clmul, erms, 3dnowpref, lzcnt, ht, tsc, tscinvbit, bmi1, bmi2, adx, fma

Memory: 4k page, system-wide physical 16301M (3202M free)
TotalPageFile size 20397M (AvailPageFile size 9M)
current process WorkingSet (physical memory assigned to process): 645M, peak: 694M
current process commit charge ("private bytes"): 751M, peak: 772M

vm_info: OpenJDK 64-Bit Server VM (11.0.11+9-b60-7590822) for windows-amd64 JRE (11.0.11+9-b60-7590822), built on Jul 29 2021 21:43:44 by "builder" with MS VC++ 14.0 (VS2015)

END.
